2023-01-12 10:17:35.743[1673515055743] | INFO  | MLog-Init-Reporter | com.mchange.v2.log.MLog              - MLog clients using slf4j logging.
2023-01-12 10:17:36.088[1673515056088] | INFO  | main       | com.mchange.v2.c3p0.C3P0Registry     - Initializing c3p0-0.9.5.5 [built 11-December-2019 22:18:33 -0800; debug? true; trace: 10]
2023-01-12 10:17:36.358[1673515056358] | INFO  | main       | c.m.v.c.i.AbstractPoolBackedDataSource - Initializing c3p0 pool... com.mchange.v2.c3p0.PoolBackedDataSource@4766c8bb [ connectionPoolDataSource -> com.mchange.v2.c3p0.WrapperConnectionPoolDataSource@5a99a0c3 [ acquireIncrement -> 1, acquireRetryAttempts -> 30, acquireRetryDelay -> 1000, autoCommitOnClose -> false, automaticTestTable -> null, breakAfterAcquireFailure -> false, checkoutTimeout -> 0, connectionCustomizerClassName -> null, connectionTesterClassName -> com.mchange.v2.c3p0.impl.DefaultConnectionTester, contextClassLoaderSource -> caller, debugUnreturnedConnectionStackTraces -> false, factoryClassLocation -> null, forceIgnoreUnresolvedTransactions -> false, forceSynchronousCheckins -> false, identityToken -> 1hgengqat19uu8zkukldiu|39c1fe0b, idleConnectionTestPeriod -> 3000, initialPoolSize -> 10, maxAdministrativeTaskTime -> 0, maxConnectionAge -> 0, maxIdleTime -> 1800, maxIdleTimeExcessConnections -> 0, maxPoolSize -> 20, maxStatements -> 50, maxStatementsPerConnection -> 0, minPoolSize -> 10, nestedDataSource -> com.mchange.v2.c3p0.DriverManagerDataSource@760979ec [ description -> null, driverClass -> null, factoryClassLocation -> null, forceUseNamedDriverClass -> false, identityToken -> 1hgengqat19uu8zkukldiu|56681eaf, jdbcUrl -> jdbc:mysql://localhost:3306/test, properties -> {password=******, user=******} ], preferredTestQuery -> null, privilegeSpawnedThreads -> false, propertyCycle -> 0, statementCacheNumDeferredCloseThreads -> 0, testConnectionOnCheckin -> false, testConnectionOnCheckout -> false, unreturnedConnectionTimeout -> 0, usesTraditionalReflectiveProxies -> false; userOverrides: {} ], dataSourceName -> null, extensions -> {}, factoryClassLocation -> null, identityToken -> 1hgengqat19uu8zkukldiu|571a9686, numHelperThreads -> 3 ]
2023-01-12 10:17:42.478[1673515062478] | INFO  | main       | Binance.BinanceRunner                - downloaded symbols: [testUSDT, wrongTicker]
2023-01-12 10:17:42.482[1673515062482] | INFO  | main       | Binance.BinanceRunner                - start synchronization with db
2023-01-12 10:17:43.066[1673515063066] | INFO  | main       | Binance.BinanceRunner                - symbols are synchronized
2023-01-12 10:17:43.067[1673515063067] | INFO  | main       | Binance.BinanceRunner                - getting list of symbols
2023-01-12 10:17:43.162[1673515063162] | INFO  | main       | Binance.BinanceRunner                - symbols from persistence
2023-01-12 10:17:43.180[1673515063180] | INFO  | main       | Binance.BinanceRunner                - Symbol{id=1, symbol='testUSDT'}
2023-01-12 10:17:43.206[1673515063206] | INFO  | main       | Binance.BinanceRunner                - mod params: adding one day
2023-01-12 10:17:43.208[1673515063208] | INFO  | main       | Binance.BinanceRunner                - mod params: timeframe 1d
2023-01-12 10:17:43.208[1673515063208] | INFO  | main       | Binance.BinanceRunner                - 2010-01-01T00:00 modified: 2010-01-02T00:00
2023-01-12 10:17:43.210[1673515063210] | INFO  | main       | Binance.BinanceRunner                - prepared params: {symbol=testUSDT, interval=1d, limit=1000, startTime=1262390400000}
2023-01-12 10:17:43.230[1673515063230] | INFO  | main       | persistence.DbWriter                 - Saving data to db for: testUSDT
2023-01-12 10:17:43.407[1673515063407] | INFO  | main       | persistence.DbWriter                 - Saving all data 1 for testUSDT to Database took: 142 ms
2023-01-12 10:21:05.568[1673515265568] | INFO  | MLog-Init-Reporter | com.mchange.v2.log.MLog              - MLog clients using slf4j logging.
2023-01-12 10:21:05.731[1673515265731] | INFO  | main       | com.mchange.v2.c3p0.C3P0Registry     - Initializing c3p0-0.9.5.5 [built 11-December-2019 22:18:33 -0800; debug? true; trace: 10]
2023-01-12 10:21:05.887[1673515265887] | INFO  | main       | c.m.v.c.i.AbstractPoolBackedDataSource - Initializing c3p0 pool... com.mchange.v2.c3p0.PoolBackedDataSource@936ebc8f [ connectionPoolDataSource -> com.mchange.v2.c3p0.WrapperConnectionPoolDataSource@a6a19497 [ acquireIncrement -> 1, acquireRetryAttempts -> 30, acquireRetryDelay -> 1000, autoCommitOnClose -> false, automaticTestTable -> null, breakAfterAcquireFailure -> false, checkoutTimeout -> 0, connectionCustomizerClassName -> null, connectionTesterClassName -> com.mchange.v2.c3p0.impl.DefaultConnectionTester, contextClassLoaderSource -> caller, debugUnreturnedConnectionStackTraces -> false, factoryClassLocation -> null, forceIgnoreUnresolvedTransactions -> false, forceSynchronousCheckins -> false, identityToken -> 1hgengqat19uyqun16dsrv9|39c1fe0b, idleConnectionTestPeriod -> 3000, initialPoolSize -> 10, maxAdministrativeTaskTime -> 0, maxConnectionAge -> 0, maxIdleTime -> 1800, maxIdleTimeExcessConnections -> 0, maxPoolSize -> 20, maxStatements -> 50, maxStatementsPerConnection -> 0, minPoolSize -> 10, nestedDataSource -> com.mchange.v2.c3p0.DriverManagerDataSource@c2116dc0 [ description -> null, driverClass -> null, factoryClassLocation -> null, forceUseNamedDriverClass -> false, identityToken -> 1hgengqat19uyqun16dsrv9|56681eaf, jdbcUrl -> jdbc:mysql://localhost:3306/test, properties -> {password=******, user=******} ], preferredTestQuery -> null, privilegeSpawnedThreads -> false, propertyCycle -> 0, statementCacheNumDeferredCloseThreads -> 0, testConnectionOnCheckin -> false, testConnectionOnCheckout -> false, unreturnedConnectionTimeout -> 0, usesTraditionalReflectiveProxies -> false; userOverrides: {} ], dataSourceName -> null, extensions -> {}, factoryClassLocation -> null, identityToken -> 1hgengqat19uyqun16dsrv9|571a9686, numHelperThreads -> 3 ]
2023-01-12 10:21:09.398[1673515269398] | INFO  | main       | Binance.BinanceRunner                - downloaded symbols: [testUSDT, wrongTicker]
2023-01-12 10:21:09.401[1673515269401] | INFO  | main       | Binance.BinanceRunner                - start synchronization with db
2023-01-12 10:21:09.708[1673515269708] | INFO  | main       | Binance.BinanceRunner                - symbols are synchronized
2023-01-12 10:21:09.708[1673515269708] | INFO  | main       | Binance.BinanceRunner                - getting list of symbols
2023-01-12 10:21:09.772[1673515269772] | INFO  | main       | Binance.BinanceRunner                - symbols from persistence
2023-01-12 10:21:09.774[1673515269774] | INFO  | main       | Binance.BinanceRunner                - Symbol{id=1, symbol='testUSDT'}
2023-01-12 10:21:09.774[1673515269774] | INFO  | main       | Binance.BinanceRunner                - mod params: adding one day
2023-01-12 10:21:09.774[1673515269774] | INFO  | main       | Binance.BinanceRunner                - mod params: timeframe 1d
2023-01-12 10:21:09.775[1673515269775] | INFO  | main       | Binance.BinanceRunner                - 2010-01-01T00:00 modified: 2010-01-02T00:00
2023-01-12 10:21:09.777[1673515269777] | INFO  | main       | Binance.BinanceRunner                - prepared params: {symbol=testUSDT, interval=1d, limit=1000, startTime=1262390400000}
2023-01-12 10:21:09.810[1673515269810] | INFO  | main       | persistence.DbWriter                 - Saving data to db for: testUSDT
2023-01-12 10:21:09.906[1673515269906] | INFO  | main       | persistence.DbWriter                 - Saving all data 1 for testUSDT to Database took: 80 ms
2023-01-12 10:22:15.089[1673515335089] | INFO  | MLog-Init-Reporter | com.mchange.v2.log.MLog              - MLog clients using slf4j logging.
2023-01-12 10:22:15.321[1673515335321] | INFO  | main       | com.mchange.v2.c3p0.C3P0Registry     - Initializing c3p0-0.9.5.5 [built 11-December-2019 22:18:33 -0800; debug? true; trace: 10]
2023-01-12 10:22:15.535[1673515335535] | INFO  | main       | c.m.v.c.i.AbstractPoolBackedDataSource - Initializing c3p0 pool... com.mchange.v2.c3p0.PoolBackedDataSource@39698029 [ connectionPoolDataSource -> com.mchange.v2.c3p0.WrapperConnectionPoolDataSource@4c9c5831 [ acquireIncrement -> 1, acquireRetryAttempts -> 30, acquireRetryDelay -> 1000, autoCommitOnClose -> false, automaticTestTable -> null, breakAfterAcquireFailure -> false, checkoutTimeout -> 0, connectionCustomizerClassName -> null, connectionTesterClassName -> com.mchange.v2.c3p0.impl.DefaultConnectionTester, contextClassLoaderSource -> caller, debugUnreturnedConnectionStackTraces -> false, factoryClassLocation -> null, forceIgnoreUnresolvedTransactions -> false, forceSynchronousCheckins -> false, identityToken -> 1hgengqat19v08hvepccsm|39c1fe0b, idleConnectionTestPeriod -> 3000, initialPoolSize -> 10, maxAdministrativeTaskTime -> 0, maxConnectionAge -> 0, maxIdleTime -> 1800, maxIdleTimeExcessConnections -> 0, maxPoolSize -> 20, maxStatements -> 50, maxStatementsPerConnection -> 0, minPoolSize -> 10, nestedDataSource -> com.mchange.v2.c3p0.DriverManagerDataSource@680c315a [ description -> null, driverClass -> null, factoryClassLocation -> null, forceUseNamedDriverClass -> false, identityToken -> 1hgengqat19v08hvepccsm|56681eaf, jdbcUrl -> jdbc:mysql://localhost:3306/test, properties -> {password=******, user=******} ], preferredTestQuery -> null, privilegeSpawnedThreads -> false, propertyCycle -> 0, statementCacheNumDeferredCloseThreads -> 0, testConnectionOnCheckin -> false, testConnectionOnCheckout -> false, unreturnedConnectionTimeout -> 0, usesTraditionalReflectiveProxies -> false; userOverrides: {} ], dataSourceName -> null, extensions -> {}, factoryClassLocation -> null, identityToken -> 1hgengqat19v08hvepccsm|571a9686, numHelperThreads -> 3 ]
2023-01-12 10:22:19.073[1673515339073] | INFO  | main       | Binance.BinanceRunner                - downloaded symbols: [testUSDT, wrongTicker]
2023-01-12 10:22:19.077[1673515339077] | INFO  | main       | Binance.BinanceRunner                - start synchronization with db
2023-01-12 10:22:19.375[1673515339375] | INFO  | main       | Binance.BinanceRunner                - symbols are synchronized
2023-01-12 10:22:19.376[1673515339376] | INFO  | main       | Binance.BinanceRunner                - getting list of symbols
2023-01-12 10:22:19.437[1673515339437] | INFO  | main       | Binance.BinanceRunner                - symbols from persistence
2023-01-12 10:22:19.438[1673515339438] | INFO  | main       | Binance.BinanceRunner                - Symbol{id=1, symbol='testUSDT'}
2023-01-12 10:22:19.438[1673515339438] | INFO  | main       | Binance.BinanceRunner                - mod params: adding one day
2023-01-12 10:22:19.439[1673515339439] | INFO  | main       | Binance.BinanceRunner                - mod params: timeframe 1d
2023-01-12 10:22:19.441[1673515339441] | INFO  | main       | Binance.BinanceRunner                - 2010-01-01T00:00 modified: 2010-01-02T00:00
2023-01-12 10:22:19.444[1673515339444] | INFO  | main       | Binance.BinanceRunner                - prepared params: {symbol=testUSDT, interval=1d, limit=1000, startTime=1262390400000}
2023-01-12 10:22:19.484[1673515339484] | INFO  | main       | persistence.DbWriter                 - Saving data to db for: testUSDT
2023-01-12 10:22:19.574[1673515339574] | INFO  | main       | persistence.DbWriter                 - Saving all data 1 for testUSDT to Database took: 62 ms
2023-01-12 10:23:06.718[1673515386718] | INFO  | MLog-Init-Reporter | com.mchange.v2.log.MLog              - MLog clients using slf4j logging.
2023-01-12 10:23:06.872[1673515386872] | INFO  | main       | com.mchange.v2.c3p0.C3P0Registry     - Initializing c3p0-0.9.5.5 [built 11-December-2019 22:18:33 -0800; debug? true; trace: 10]
2023-01-12 10:23:07.079[1673515387079] | INFO  | main       | c.m.v.c.i.AbstractPoolBackedDataSource - Initializing c3p0 pool... com.mchange.v2.c3p0.PoolBackedDataSource@894dcef4 [ connectionPoolDataSource -> com.mchange.v2.c3p0.WrapperConnectionPoolDataSource@9c80a6fc [ acquireIncrement -> 1, acquireRetryAttempts -> 30, acquireRetryDelay -> 1000, autoCommitOnClose -> false, automaticTestTable -> null, breakAfterAcquireFailure -> false, checkoutTimeout -> 0, connectionCustomizerClassName -> null, connectionTesterClassName -> com.mchange.v2.c3p0.impl.DefaultConnectionTester, contextClassLoaderSource -> caller, debugUnreturnedConnectionStackTraces -> false, factoryClassLocation -> null, forceIgnoreUnresolvedTransactions -> false, forceSynchronousCheckins -> false, identityToken -> 1hgengqat19v1cbkaa32j6|39c1fe0b, idleConnectionTestPeriod -> 3000, initialPoolSize -> 10, maxAdministrativeTaskTime -> 0, maxConnectionAge -> 0, maxIdleTime -> 1800, maxIdleTimeExcessConnections -> 0, maxPoolSize -> 20, maxStatements -> 50, maxStatementsPerConnection -> 0, minPoolSize -> 10, nestedDataSource -> com.mchange.v2.c3p0.DriverManagerDataSource@b7f08025 [ description -> null, driverClass -> null, factoryClassLocation -> null, forceUseNamedDriverClass -> false, identityToken -> 1hgengqat19v1cbkaa32j6|56681eaf, jdbcUrl -> jdbc:mysql://localhost:3306/test, properties -> {password=******, user=******} ], preferredTestQuery -> null, privilegeSpawnedThreads -> false, propertyCycle -> 0, statementCacheNumDeferredCloseThreads -> 0, testConnectionOnCheckin -> false, testConnectionOnCheckout -> false, unreturnedConnectionTimeout -> 0, usesTraditionalReflectiveProxies -> false; userOverrides: {} ], dataSourceName -> null, extensions -> {}, factoryClassLocation -> null, identityToken -> 1hgengqat19v1cbkaa32j6|571a9686, numHelperThreads -> 3 ]
2023-01-12 10:23:11.333[1673515391333] | INFO  | main       | Binance.BinanceRunner                - downloaded symbols: [testUSDT, wrongTicker]
2023-01-12 10:23:11.338[1673515391338] | INFO  | main       | Binance.BinanceRunner                - start synchronization with db
2023-01-12 10:23:11.680[1673515391680] | INFO  | main       | Binance.BinanceRunner                - symbols are synchronized
2023-01-12 10:23:11.681[1673515391681] | INFO  | main       | Binance.BinanceRunner                - getting list of symbols
2023-01-12 10:23:11.751[1673515391751] | INFO  | main       | Binance.BinanceRunner                - symbols from persistence
2023-01-12 10:23:11.752[1673515391752] | INFO  | main       | Binance.BinanceRunner                - Symbol{id=1, symbol='testUSDT'}
2023-01-12 10:23:11.754[1673515391754] | INFO  | main       | Binance.BinanceRunner                - mod params: adding one day
2023-01-12 10:23:11.755[1673515391755] | INFO  | main       | Binance.BinanceRunner                - mod params: timeframe 1d
2023-01-12 10:23:11.758[1673515391758] | INFO  | main       | Binance.BinanceRunner                - 2010-01-01T00:00 modified: 2010-01-02T00:00
2023-01-12 10:23:11.761[1673515391761] | INFO  | main       | Binance.BinanceRunner                - prepared params: {symbol=testUSDT, interval=1d, limit=1000, startTime=1262390400000}
2023-01-12 10:23:11.885[1673515391885] | INFO  | main       | persistence.DbWriter                 - Saving data to db for: testUSDT
2023-01-12 10:23:11.951[1673515391951] | INFO  | main       | persistence.DbWriter                 - Saving all data 1 for testUSDT to Database took: 54 ms
2023-01-12 10:25:50.359[1673515550359] | INFO  | MLog-Init-Reporter | com.mchange.v2.log.MLog              - MLog clients using slf4j logging.
2023-01-12 10:25:50.520[1673515550520] | INFO  | main       | com.mchange.v2.c3p0.C3P0Registry     - Initializing c3p0-0.9.5.5 [built 11-December-2019 22:18:33 -0800; debug? true; trace: 10]
2023-01-12 10:25:50.690[1673515550690] | INFO  | main       | c.m.v.c.i.AbstractPoolBackedDataSource - Initializing c3p0 pool... com.mchange.v2.c3p0.PoolBackedDataSource@bed12b2d [ connectionPoolDataSource -> com.mchange.v2.c3p0.WrapperConnectionPoolDataSource@d2040335 [ acquireIncrement -> 1, acquireRetryAttempts -> 30, acquireRetryDelay -> 1000, autoCommitOnClose -> false, automaticTestTable -> null, breakAfterAcquireFailure -> false, checkoutTimeout -> 0, connectionCustomizerClassName -> null, connectionTesterClassName -> com.mchange.v2.c3p0.impl.DefaultConnectionTester, contextClassLoaderSource -> caller, debugUnreturnedConnectionStackTraces -> false, factoryClassLocation -> null, forceIgnoreUnresolvedTransactions -> false, forceSynchronousCheckins -> false, identityToken -> 1hgengqat19v4ul71971jd7|39c1fe0b, idleConnectionTestPeriod -> 3000, initialPoolSize -> 10, maxAdministrativeTaskTime -> 0, maxConnectionAge -> 0, maxIdleTime -> 1800, maxIdleTimeExcessConnections -> 0, maxPoolSize -> 20, maxStatements -> 50, maxStatementsPerConnection -> 0, minPoolSize -> 10, nestedDataSource -> com.mchange.v2.c3p0.DriverManagerDataSource@ed73dc5e [ description -> null, driverClass -> null, factoryClassLocation -> null, forceUseNamedDriverClass -> false, identityToken -> 1hgengqat19v4ul71971jd7|56681eaf, jdbcUrl -> jdbc:mysql://localhost:3306/test, properties -> {password=******, user=******} ], preferredTestQuery -> null, privilegeSpawnedThreads -> false, propertyCycle -> 0, statementCacheNumDeferredCloseThreads -> 0, testConnectionOnCheckin -> false, testConnectionOnCheckout -> false, unreturnedConnectionTimeout -> 0, usesTraditionalReflectiveProxies -> false; userOverrides: {} ], dataSourceName -> null, extensions -> {}, factoryClassLocation -> null, identityToken -> 1hgengqat19v4ul71971jd7|571a9686, numHelperThreads -> 3 ]
2023-01-12 10:25:54.928[1673515554928] | INFO  | main       | Binance.BinanceRunner                - downloaded symbols: [testUSDT, wrongTicker]
2023-01-12 10:25:54.930[1673515554930] | INFO  | main       | Binance.BinanceRunner                - start synchronization with db
2023-01-12 10:25:55.156[1673515555156] | INFO  | main       | Binance.BinanceRunner                - symbols are synchronized
2023-01-12 10:25:55.157[1673515555157] | INFO  | main       | Binance.BinanceRunner                - getting list of symbols
2023-01-12 10:25:55.208[1673515555208] | INFO  | main       | Binance.BinanceRunner                - symbols from persistence
2023-01-12 10:25:55.209[1673515555209] | INFO  | main       | Binance.BinanceRunner                - Symbol{id=1, symbol='testUSDT'}
2023-01-12 10:25:55.210[1673515555210] | INFO  | main       | Binance.BinanceRunner                - mod params: adding one day
2023-01-12 10:25:55.210[1673515555210] | INFO  | main       | Binance.BinanceRunner                - mod params: timeframe 1d
2023-01-12 10:25:55.211[1673515555211] | INFO  | main       | Binance.BinanceRunner                - 2010-01-01T00:00 modified: 2010-01-02T00:00
2023-01-12 10:25:55.212[1673515555212] | INFO  | main       | Binance.BinanceRunner                - prepared params: {symbol=testUSDT, interval=1d, limit=1000, startTime=1262390400000}
2023-01-12 10:25:55.240[1673515555240] | INFO  | main       | persistence.DataRepository           - Using hibernate to write data: 1
2023-01-12 10:25:55.241[1673515555241] | INFO  | main       | persistence.DbWriter                 - Saving data to db for: testUSDT
2023-01-12 10:25:55.245[1673515555245] | INFO  | main       | persistence.DbWriter                 - adding data to transaction: BinanceData{dataId=model.DataId@5b3d95e1, open=0.6659282471094583, high=0.21421283669456015, low=0.9632121249373444, close=0.9573385762841005, volume=0.12234102560576432}
2023-01-12 10:25:55.344[1673515555344] | INFO  | main       | persistence.DbWriter                 - Saving all data 1 for testUSDT to Database took: 94 ms
2023-01-12 10:29:16.640[1673515756640] | INFO  | MLog-Init-Reporter | com.mchange.v2.log.MLog              - MLog clients using slf4j logging.
2023-01-12 10:29:16.828[1673515756828] | INFO  | main       | com.mchange.v2.c3p0.C3P0Registry     - Initializing c3p0-0.9.5.5 [built 11-December-2019 22:18:33 -0800; debug? true; trace: 10]
2023-01-12 10:29:16.987[1673515756987] | INFO  | main       | c.m.v.c.i.AbstractPoolBackedDataSource - Initializing c3p0 pool... com.mchange.v2.c3p0.PoolBackedDataSource@3257d4d7 [ connectionPoolDataSource -> com.mchange.v2.c3p0.WrapperConnectionPoolDataSource@458aacdf [ acquireIncrement -> 1, acquireRetryAttempts -> 30, acquireRetryDelay -> 1000, autoCommitOnClose -> false, automaticTestTable -> null, breakAfterAcquireFailure -> false, checkoutTimeout -> 0, connectionCustomizerClassName -> null, connectionTesterClassName -> com.mchange.v2.c3p0.impl.DefaultConnectionTester, contextClassLoaderSource -> caller, debugUnreturnedConnectionStackTraces -> false, factoryClassLocation -> null, forceIgnoreUnresolvedTransactions -> false, forceSynchronousCheckins -> false, identityToken -> 1hgengqat19v99s91o61wa|39c1fe0b, idleConnectionTestPeriod -> 3000, initialPoolSize -> 10, maxAdministrativeTaskTime -> 0, maxConnectionAge -> 0, maxIdleTime -> 1800, maxIdleTimeExcessConnections -> 0, maxPoolSize -> 20, maxStatements -> 50, maxStatementsPerConnection -> 0, minPoolSize -> 10, nestedDataSource -> com.mchange.v2.c3p0.DriverManagerDataSource@60fa8608 [ description -> null, driverClass -> null, factoryClassLocation -> null, forceUseNamedDriverClass -> false, identityToken -> 1hgengqat19v99s91o61wa|56681eaf, jdbcUrl -> jdbc:mysql://localhost:3306/test, properties -> {password=******, user=******} ], preferredTestQuery -> null, privilegeSpawnedThreads -> false, propertyCycle -> 0, statementCacheNumDeferredCloseThreads -> 0, testConnectionOnCheckin -> false, testConnectionOnCheckout -> false, unreturnedConnectionTimeout -> 0, usesTraditionalReflectiveProxies -> false; userOverrides: {} ], dataSourceName -> null, extensions -> {}, factoryClassLocation -> null, identityToken -> 1hgengqat19v99s91o61wa|571a9686, numHelperThreads -> 3 ]
2023-01-12 10:29:20.901[1673515760901] | INFO  | main       | Binance.BinanceRunner                - downloaded symbols: [testUSDT, wrongTicker]
2023-01-12 10:29:20.903[1673515760903] | INFO  | main       | Binance.BinanceRunner                - start synchronization with db
2023-01-12 10:29:21.171[1673515761171] | INFO  | main       | Binance.BinanceRunner                - symbols are synchronized
2023-01-12 10:29:21.172[1673515761172] | INFO  | main       | Binance.BinanceRunner                - getting list of symbols
2023-01-12 10:29:21.245[1673515761245] | INFO  | main       | Binance.BinanceRunner                - symbols from persistence
2023-01-12 10:29:21.247[1673515761247] | INFO  | main       | Binance.BinanceRunner                - Symbol{id=1, symbol='testUSDT'}
2023-01-12 10:29:21.249[1673515761249] | INFO  | main       | Binance.BinanceRunner                - mod params: adding one day
2023-01-12 10:29:21.251[1673515761251] | INFO  | main       | Binance.BinanceRunner                - mod params: timeframe 1d
2023-01-12 10:29:21.252[1673515761252] | INFO  | main       | Binance.BinanceRunner                - 2010-01-01T00:00 modified: 2010-01-02T00:00
2023-01-12 10:29:21.255[1673515761255] | INFO  | main       | Binance.BinanceRunner                - prepared params: {symbol=testUSDT, interval=1d, limit=1000, startTime=1262390400000}
2023-01-12 10:29:21.313[1673515761313] | INFO  | main       | Binance.BinanceRunner                - downloaded data size: 2
2023-01-12 10:29:21.321[1673515761321] | INFO  | main       | persistence.DataRepository           - Using hibernate to write data. Data size 1
2023-01-12 10:29:21.323[1673515761323] | INFO  | main       | persistence.DbWriter                 - Saving data to db for: testUSDT
2023-01-12 10:29:21.368[1673515761368] | INFO  | main       | persistence.DbWriter                 - adding data to transaction: BinanceData{dataId=model.DataId@5b3d95e1, open=0.3234288841598365, high=0.41360362862683153, low=0.8460405276237554, close=0.43890635526633515, volume=0.7884626186133366}
2023-01-12 10:29:21.529[1673515761529] | INFO  | main       | persistence.DbWriter                 - Saving all data 1 for testUSDT to Database took: 189 ms
2023-01-12 10:53:03.561[1673517183561] | INFO  | MLog-Init-Reporter | com.mchange.v2.log.MLog              - MLog clients using slf4j logging.
2023-01-12 10:53:03.703[1673517183703] | INFO  | main       | com.mchange.v2.c3p0.C3P0Registry     - Initializing c3p0-0.9.5.5 [built 11-December-2019 22:18:33 -0800; debug? true; trace: 10]
2023-01-12 10:53:03.855[1673517183855] | INFO  | main       | c.m.v.c.i.AbstractPoolBackedDataSource - Initializing c3p0 pool... com.mchange.v2.c3p0.PoolBackedDataSource@415da0a1 [ connectionPoolDataSource -> com.mchange.v2.c3p0.WrapperConnectionPoolDataSource@c783cc9f [ acquireIncrement -> 1, acquireRetryAttempts -> 30, acquireRetryDelay -> 1000, autoCommitOnClose -> false, automaticTestTable -> null, breakAfterAcquireFailure -> false, checkoutTimeout -> 0, connectionCustomizerClassName -> null, connectionTesterClassName -> com.mchange.v2.c3p0.impl.DefaultConnectionTester, contextClassLoaderSource -> caller, debugUnreturnedConnectionStackTraces -> false, factoryClassLocation -> null, forceIgnoreUnresolvedTransactions -> false, forceSynchronousCheckins -> false, identityToken -> 1hgengqat19w3urgsd5aog|3659d7b1, idleConnectionTestPeriod -> 3000, initialPoolSize -> 10, maxAdministrativeTaskTime -> 0, maxConnectionAge -> 0, maxIdleTime -> 1800, maxIdleTimeExcessConnections -> 0, maxPoolSize -> 20, maxStatements -> 50, maxStatementsPerConnection -> 0, minPoolSize -> 10, nestedDataSource -> com.mchange.v2.c3p0.DriverManagerDataSource@b9108cdd [ description -> null, driverClass -> null, factoryClassLocation -> null, forceUseNamedDriverClass -> false, identityToken -> 1hgengqat19w3urgsd5aog|5ff90645, jdbcUrl -> jdbc:mysql://localhost:3306/test, properties -> {password=******, user=******} ], preferredTestQuery -> null, privilegeSpawnedThreads -> false, propertyCycle -> 0, statementCacheNumDeferredCloseThreads -> 0, testConnectionOnCheckin -> false, testConnectionOnCheckout -> false, unreturnedConnectionTimeout -> 0, usesTraditionalReflectiveProxies -> false; userOverrides: {} ], dataSourceName -> null, extensions -> {}, factoryClassLocation -> null, identityToken -> 1hgengqat19w3urgsd5aog|58b71ceb, numHelperThreads -> 3 ]
2023-01-12 10:53:08.831[1673517188831] | INFO  | main       | Binance.BinanceRunner                - downloaded symbols: [testUSDT, wrongTicker]
2023-01-12 10:53:08.831[1673517188831] | INFO  | main       | Binance.BinanceRunner                - start synchronization with db
2023-01-12 10:53:09.132[1673517189132] | INFO  | main       | Binance.BinanceRunner                - symbols are synchronized
2023-01-12 10:53:09.132[1673517189132] | INFO  | main       | Binance.BinanceRunner                - getting list of symbols
2023-01-12 10:53:09.185[1673517189185] | INFO  | main       | Binance.BinanceRunner                - symbols from persistence
2023-01-12 10:53:09.185[1673517189185] | INFO  | main       | Binance.BinanceRunner                - Symbol{id=1, symbol='testUSDT'}
2023-01-12 10:53:09.185[1673517189185] | INFO  | main       | Binance.BinanceRunner                - mod params: adding one day
2023-01-12 10:53:09.185[1673517189185] | INFO  | main       | Binance.BinanceRunner                - mod params: timeframe 1d
2023-01-12 10:53:09.201[1673517189201] | INFO  | main       | Binance.BinanceRunner                - 2010-01-01T00:00 modified: 2010-01-02T00:00
2023-01-12 10:53:09.201[1673517189201] | INFO  | main       | Binance.BinanceRunner                - prepared params: {symbol=testUSDT, interval=1d, limit=1000, startTime=1262390400000}
2023-01-12 10:53:09.216[1673517189216] | INFO  | main       | Binance.BinanceRunner                - downloaded data size: 2
2023-01-12 10:53:09.232[1673517189232] | INFO  | main       | Binance.BinanceRunner                - checking condition to remove last data from list: false
2023-01-12 10:53:09.232[1673517189232] | INFO  | main       | Binance.BinanceRunner                - checking condition to remove last data from list: false
2023-01-12 10:53:09.232[1673517189232] | INFO  | main       | persistence.DataRepository           - Using hibernate to write data. Data size 1
2023-01-12 10:53:09.232[1673517189232] | INFO  | main       | persistence.DbWriter                 - Saving data to db for: testUSDT
2023-01-12 10:53:09.232[1673517189232] | INFO  | main       | persistence.DbWriter                 - adding data to transaction: BinanceData{dataId=model.DataId@5b3d95e1, open=0.14571623191535965, high=0.8476935181901802, low=0.9949116025630937, close=0.8849275056083286, volume=0.0679541129466813}
2023-01-12 10:53:09.301[1673517189301] | INFO  | main       | persistence.DbWriter                 - Saving all data 1 for testUSDT to Database took: 58 ms
2023-01-12 10:54:15.717[1673517255717] | INFO  | MLog-Init-Reporter | com.mchange.v2.log.MLog              - MLog clients using slf4j logging.
2023-01-12 10:54:15.879[1673517255879] | INFO  | main       | com.mchange.v2.c3p0.C3P0Registry     - Initializing c3p0-0.9.5.5 [built 11-December-2019 22:18:33 -0800; debug? true; trace: 10]
2023-01-12 10:54:16.064[1673517256064] | INFO  | main       | c.m.v.c.i.AbstractPoolBackedDataSource - Initializing c3p0 pool... com.mchange.v2.c3p0.PoolBackedDataSource@fa5a36c4 [ connectionPoolDataSource -> com.mchange.v2.c3p0.WrapperConnectionPoolDataSource@d8d0ecc [ acquireIncrement -> 1, acquireRetryAttempts -> 30, acquireRetryDelay -> 1000, autoCommitOnClose -> false, automaticTestTable -> null, breakAfterAcquireFailure -> false, checkoutTimeout -> 0, connectionCustomizerClassName -> null, connectionTesterClassName -> com.mchange.v2.c3p0.impl.DefaultConnectionTester, contextClassLoaderSource -> caller, debugUnreturnedConnectionStackTraces -> false, factoryClassLocation -> null, forceIgnoreUnresolvedTransactions -> false, forceSynchronousCheckins -> false, identityToken -> 1hgengqat19w5egd9ap0p0|39c1fe0b, idleConnectionTestPeriod -> 3000, initialPoolSize -> 10, maxAdministrativeTaskTime -> 0, maxConnectionAge -> 0, maxIdleTime -> 1800, maxIdleTimeExcessConnections -> 0, maxPoolSize -> 20, maxStatements -> 50, maxStatementsPerConnection -> 0, minPoolSize -> 10, nestedDataSource -> com.mchange.v2.c3p0.DriverManagerDataSource@28fce7f5 [ description -> null, driverClass -> null, factoryClassLocation -> null, forceUseNamedDriverClass -> false, identityToken -> 1hgengqat19w5egd9ap0p0|56681eaf, jdbcUrl -> jdbc:mysql://localhost:3306/test, properties -> {password=******, user=******} ], preferredTestQuery -> null, privilegeSpawnedThreads -> false, propertyCycle -> 0, statementCacheNumDeferredCloseThreads -> 0, testConnectionOnCheckin -> false, testConnectionOnCheckout -> false, unreturnedConnectionTimeout -> 0, usesTraditionalReflectiveProxies -> false; userOverrides: {} ], dataSourceName -> null, extensions -> {}, factoryClassLocation -> null, identityToken -> 1hgengqat19w5egd9ap0p0|571a9686, numHelperThreads -> 3 ]
2023-01-12 10:54:20.283[1673517260283] | INFO  | main       | Binance.BinanceRunner                - downloaded symbols: [testUSDT, wrongTicker]
2023-01-12 10:54:20.283[1673517260283] | INFO  | main       | Binance.BinanceRunner                - start synchronization with db
2023-01-12 10:54:20.531[1673517260531] | INFO  | main       | Binance.BinanceRunner                - symbols are synchronized
2023-01-12 10:54:20.531[1673517260531] | INFO  | main       | Binance.BinanceRunner                - getting list of symbols
2023-01-12 10:54:20.616[1673517260616] | INFO  | main       | Binance.BinanceRunner                - symbols from persistence
2023-01-12 10:54:20.616[1673517260616] | INFO  | main       | Binance.BinanceRunner                - Symbol{id=1, symbol='testUSDT'}
2023-01-12 10:54:20.616[1673517260616] | INFO  | main       | Binance.BinanceRunner                - mod params: adding one day
2023-01-12 10:54:20.616[1673517260616] | INFO  | main       | Binance.BinanceRunner                - mod params: timeframe 1d
2023-01-12 10:54:20.616[1673517260616] | INFO  | main       | Binance.BinanceRunner                - 2010-01-01T00:00 modified: 2010-01-02T00:00
2023-01-12 10:54:20.616[1673517260616] | INFO  | main       | Binance.BinanceRunner                - prepared params: {symbol=testUSDT, interval=1d, limit=1000, startTime=1262390400000}
2023-01-12 10:54:20.653[1673517260653] | INFO  | main       | Binance.BinanceRunner                - downloaded data size: 2
2023-01-12 10:54:20.653[1673517260653] | INFO  | main       | Binance.BinanceRunner                - checking condition to remove last data from list: false
2023-01-12 10:54:20.653[1673517260653] | INFO  | main       | persistence.DataRepository           - Using hibernate to write data. Data size 2
2023-01-12 10:54:20.653[1673517260653] | INFO  | main       | persistence.DbWriter                 - Saving data to db for: testUSDT
2023-01-12 10:54:20.653[1673517260653] | INFO  | main       | persistence.DbWriter                 - adding data to transaction: BinanceData{dataId=model.DataId@5b3d95e1, open=0.6137262196649894, high=0.6815793232640669, low=0.16789876837597906, close=0.6446859880990203, volume=0.6774259239875815}
2023-01-12 10:54:20.669[1673517260669] | INFO  | main       | persistence.DbWriter                 - adding data to transaction: BinanceData{dataId=model.DataId@5374cdcf, open=0.9822949912714777, high=0.18623065181795617, low=0.23079661356802883, close=0.4305457841348763, volume=0.4847876116235389}
2023-01-12 10:54:20.716[1673517260716] | INFO  | main       | persistence.DbWriter                 - Saving all data 2 for testUSDT to Database took: 49 ms
2023-01-12 10:56:37.834[1673517397834] | INFO  | MLog-Init-Reporter | com.mchange.v2.log.MLog              - MLog clients using slf4j logging.
2023-01-12 10:56:38.022[1673517398022] | INFO  | main       | com.mchange.v2.c3p0.C3P0Registry     - Initializing c3p0-0.9.5.5 [built 11-December-2019 22:18:33 -0800; debug? true; trace: 10]
2023-01-12 10:56:38.176[1673517398176] | INFO  | main       | c.m.v.c.i.AbstractPoolBackedDataSource - Initializing c3p0 pool... com.mchange.v2.c3p0.PoolBackedDataSource@9cef1af1 [ connectionPoolDataSource -> com.mchange.v2.c3p0.WrapperConnectionPoolDataSource@b021f2f9 [ acquireIncrement -> 1, acquireRetryAttempts -> 30, acquireRetryDelay -> 1000, autoCommitOnClose -> false, automaticTestTable -> null, breakAfterAcquireFailure -> false, checkoutTimeout -> 0, connectionCustomizerClassName -> null, connectionTesterClassName -> com.mchange.v2.c3p0.impl.DefaultConnectionTester, contextClassLoaderSource -> caller, debugUnreturnedConnectionStackTraces -> false, factoryClassLocation -> null, forceIgnoreUnresolvedTransactions -> false, forceSynchronousCheckins -> false, identityToken -> 1hgengqat19w8g4u1h1o6s6|39c1fe0b, idleConnectionTestPeriod -> 3000, initialPoolSize -> 10, maxAdministrativeTaskTime -> 0, maxConnectionAge -> 0, maxIdleTime -> 1800, maxIdleTimeExcessConnections -> 0, maxPoolSize -> 20, maxStatements -> 50, maxStatementsPerConnection -> 0, minPoolSize -> 10, nestedDataSource -> com.mchange.v2.c3p0.DriverManagerDataSource@cb91cc22 [ description -> null, driverClass -> null, factoryClassLocation -> null, forceUseNamedDriverClass -> false, identityToken -> 1hgengqat19w8g4u1h1o6s6|56681eaf, jdbcUrl -> jdbc:mysql://localhost:3306/test, properties -> {password=******, user=******} ], preferredTestQuery -> null, privilegeSpawnedThreads -> false, propertyCycle -> 0, statementCacheNumDeferredCloseThreads -> 0, testConnectionOnCheckin -> false, testConnectionOnCheckout -> false, unreturnedConnectionTimeout -> 0, usesTraditionalReflectiveProxies -> false; userOverrides: {} ], dataSourceName -> null, extensions -> {}, factoryClassLocation -> null, identityToken -> 1hgengqat19w8g4u1h1o6s6|571a9686, numHelperThreads -> 3 ]
2023-01-12 10:56:41.664[1673517401664] | INFO  | main       | Binance.BinanceRunner                - downloaded symbols: [testUSDT, wrongTicker]
2023-01-12 10:56:41.664[1673517401664] | INFO  | main       | Binance.BinanceRunner                - start synchronization with db
2023-01-12 10:56:41.927[1673517401927] | INFO  | main       | Binance.BinanceRunner                - symbols are synchronized
2023-01-12 10:56:41.927[1673517401927] | INFO  | main       | Binance.BinanceRunner                - getting list of symbols
2023-01-12 10:56:41.996[1673517401996] | INFO  | main       | Binance.BinanceRunner                - symbols from persistence
2023-01-12 10:56:41.996[1673517401996] | INFO  | main       | Binance.BinanceRunner                - Symbol{id=1, symbol='testUSDT'}
2023-01-12 10:56:41.996[1673517401996] | INFO  | main       | Binance.BinanceRunner                - mod params: adding one day
2023-01-12 10:56:41.996[1673517401996] | INFO  | main       | Binance.BinanceRunner                - mod params: timeframe 1d
2023-01-12 10:56:42.012[1673517402012] | INFO  | main       | Binance.BinanceRunner                - 2010-01-01T00:00 modified: 2010-01-02T00:00
2023-01-12 10:56:42.012[1673517402012] | INFO  | main       | Binance.BinanceRunner                - prepared params: {symbol=testUSDT, interval=1d, limit=1000, startTime=1262390400000}
2023-01-12 10:56:42.049[1673517402049] | INFO  | main       | Binance.BinanceRunner                - downloaded data size: 2
2023-01-12 10:56:42.049[1673517402049] | INFO  | main       | Binance.BinanceRunner                - checking condition to remove last data from list: false
2023-01-12 10:56:42.049[1673517402049] | INFO  | main       | persistence.DataRepository           - Using hibernate to write data. Data size 2
2023-01-12 10:56:42.049[1673517402049] | INFO  | main       | persistence.DbWriter                 - Saving data to db for: testUSDT
2023-01-12 10:56:42.065[1673517402065] | INFO  | main       | persistence.DbWriter                 - adding data to transaction: BinanceData{dataId=model.DataId@63033e2b, open=0.013349921641974571, high=0.8286001504093788, low=0.5286159633212161, close=0.055504499950210895, volume=0.010027551270769153}
2023-01-12 10:56:42.065[1673517402065] | INFO  | main       | persistence.DbWriter                 - adding data to transaction: BinanceData{dataId=model.DataId@5b3d95e1, open=0.8911529503002734, high=0.22524921675705134, low=0.13008591825531446, close=0.1106485264313366, volume=0.7351932697740637}
2023-01-12 10:56:42.143[1673517402143] | INFO  | main       | persistence.DbWriter                 - Saving all data 2 for testUSDT to Database took: 67 ms
2023-01-12 10:56:42.143[1673517402143] | INFO  | main       | Binance.BinanceRunner                - downloaded symbols: [testUSDT, wrongTicker]
2023-01-12 10:56:42.143[1673517402143] | INFO  | main       | Binance.BinanceRunner                - start synchronization with db
2023-01-12 10:56:42.212[1673517402212] | INFO  | main       | Binance.BinanceRunner                - symbols are synchronized
2023-01-12 10:56:42.212[1673517402212] | INFO  | main       | Binance.BinanceRunner                - getting list of symbols
2023-01-12 10:56:42.250[1673517402250] | INFO  | main       | Binance.BinanceRunner                - symbols from persistence
2023-01-12 10:56:42.250[1673517402250] | INFO  | main       | Binance.BinanceRunner                - Symbol{id=1, symbol='testUSDT'}
2023-01-12 10:56:42.250[1673517402250] | INFO  | main       | Binance.BinanceRunner                - mod params: adding one day
2023-01-12 10:56:42.250[1673517402250] | INFO  | main       | Binance.BinanceRunner                - mod params: timeframe 1d
2023-01-12 10:56:42.250[1673517402250] | INFO  | main       | Binance.BinanceRunner                - 2000-01-01T05:25:02 modified: 2000-01-02T05:25:02
2023-01-12 10:56:42.250[1673517402250] | INFO  | main       | Binance.BinanceRunner                - prepared params: {symbol=testUSDT, interval=1d, limit=1000, startTime=946790702000}
2023-01-12 10:56:42.250[1673517402250] | INFO  | main       | Binance.BinanceRunner                - downloaded data size: 2
2023-01-12 10:56:42.250[1673517402250] | INFO  | main       | Binance.BinanceRunner                - checking condition to remove last data from list: false
2023-01-12 10:56:42.250[1673517402250] | INFO  | main       | persistence.DataRepository           - Using hibernate to write data. Data size 2
2023-01-12 10:56:42.250[1673517402250] | INFO  | main       | persistence.DbWriter                 - Saving data to db for: testUSDT
2023-01-12 10:56:42.250[1673517402250] | INFO  | main       | persistence.DbWriter                 - adding data to transaction: BinanceData{dataId=model.DataId@63033e2b, open=0.4319891160052951, high=0.06606366936639485, low=0.855394277922515, close=0.2553715965645127, volume=0.1729079120153444}
2023-01-12 10:56:42.250[1673517402250] | INFO  | main       | persistence.DbWriter                 - adding data to transaction: BinanceData{dataId=model.DataId@5b3d95e1, open=0.906227636965405, high=0.7933135873382245, low=0.8250982571046167, close=0.9620918658580101, volume=0.12623637217374084}
2023-01-12 10:58:21.642[1673517501642] | INFO  | MLog-Init-Reporter | com.mchange.v2.log.MLog              - MLog clients using slf4j logging.
2023-01-12 10:58:21.773[1673517501773] | INFO  | main       | com.mchange.v2.c3p0.C3P0Registry     - Initializing c3p0-0.9.5.5 [built 11-December-2019 22:18:33 -0800; debug? true; trace: 10]
2023-01-12 10:58:21.911[1673517501911] | INFO  | main       | c.m.v.c.i.AbstractPoolBackedDataSource - Initializing c3p0 pool... com.mchange.v2.c3p0.PoolBackedDataSource@65e72c07 [ connectionPoolDataSource -> com.mchange.v2.c3p0.WrapperConnectionPoolDataSource@791a040f [ acquireIncrement -> 1, acquireRetryAttempts -> 30, acquireRetryDelay -> 1000, autoCommitOnClose -> false, automaticTestTable -> null, breakAfterAcquireFailure -> false, checkoutTimeout -> 0, connectionCustomizerClassName -> null, connectionTesterClassName -> com.mchange.v2.c3p0.impl.DefaultConnectionTester, contextClassLoaderSource -> caller, debugUnreturnedConnectionStackTraces -> false, factoryClassLocation -> null, forceIgnoreUnresolvedTransactions -> false, forceSynchronousCheckins -> false, identityToken -> 1hgengqat19wao73160aagp|39c1fe0b, idleConnectionTestPeriod -> 3000, initialPoolSize -> 10, maxAdministrativeTaskTime -> 0, maxConnectionAge -> 0, maxIdleTime -> 1800, maxIdleTimeExcessConnections -> 0, maxPoolSize -> 20, maxStatements -> 50, maxStatementsPerConnection -> 0, minPoolSize -> 10, nestedDataSource -> com.mchange.v2.c3p0.DriverManagerDataSource@9489dd38 [ description -> null, driverClass -> null, factoryClassLocation -> null, forceUseNamedDriverClass -> false, identityToken -> 1hgengqat19wao73160aagp|56681eaf, jdbcUrl -> jdbc:mysql://localhost:3306/test, properties -> {password=******, user=******} ], preferredTestQuery -> null, privilegeSpawnedThreads -> false, propertyCycle -> 0, statementCacheNumDeferredCloseThreads -> 0, testConnectionOnCheckin -> false, testConnectionOnCheckout -> false, unreturnedConnectionTimeout -> 0, usesTraditionalReflectiveProxies -> false; userOverrides: {} ], dataSourceName -> null, extensions -> {}, factoryClassLocation -> null, identityToken -> 1hgengqat19wao73160aagp|571a9686, numHelperThreads -> 3 ]
2023-01-12 10:58:26.026[1673517506026] | INFO  | main       | Binance.BinanceRunner                - downloaded symbols: [testUSDT, wrongTicker]
2023-01-12 10:58:26.026[1673517506026] | INFO  | main       | Binance.BinanceRunner                - start synchronization with db
2023-01-12 10:58:26.343[1673517506343] | INFO  | main       | Binance.BinanceRunner                - symbols are synchronized
2023-01-12 10:58:26.343[1673517506343] | INFO  | main       | Binance.BinanceRunner                - getting list of symbols
2023-01-12 10:58:26.396[1673517506396] | INFO  | main       | Binance.BinanceRunner                - symbols from persistence
2023-01-12 10:58:26.396[1673517506396] | INFO  | main       | Binance.BinanceRunner                - Symbol{id=1, symbol='testUSDT'}
2023-01-12 10:58:26.396[1673517506396] | INFO  | main       | Binance.BinanceRunner                - mod params: adding one day
2023-01-12 10:58:26.412[1673517506412] | INFO  | main       | Binance.BinanceRunner                - mod params: timeframe 1d
2023-01-12 10:58:26.412[1673517506412] | INFO  | main       | Binance.BinanceRunner                - 2010-01-01T00:00 modified: 2010-01-02T00:00
2023-01-12 10:58:26.412[1673517506412] | INFO  | main       | Binance.BinanceRunner                - prepared params: {symbol=testUSDT, interval=1d, limit=1000, startTime=1262390400000}
2023-01-12 10:58:26.443[1673517506443] | INFO  | main       | Binance.BinanceRunner                - downloaded data size: 2
2023-01-12 10:58:26.443[1673517506443] | INFO  | main       | Binance.BinanceRunner                - checking condition to remove last data from list: false
2023-01-12 10:58:26.443[1673517506443] | INFO  | main       | persistence.DataRepository           - Using hibernate to write data. Data size 2
2023-01-12 10:58:26.443[1673517506443] | INFO  | main       | persistence.DbWriter                 - Saving data to db for: testUSDT
2023-01-12 10:58:26.458[1673517506458] | INFO  | main       | persistence.DbWriter                 - adding data to transaction: BinanceData{dataId=model.DataId@63033e2b, open=0.8071618409577114, high=0.05843352208822805, low=0.08095773502642523, close=0.5794375588763143, volume=0.6257777836867877}
2023-01-12 10:58:26.458[1673517506458] | INFO  | main       | persistence.DbWriter                 - adding data to transaction: BinanceData{dataId=model.DataId@5b3d95e1, open=0.16339182808389552, high=0.7515182399480874, low=0.3232495686702602, close=0.21129250700020086, volume=0.13159579342423855}
2023-01-12 10:58:26.527[1673517506527] | INFO  | main       | persistence.DbWriter                 - Saving all data 2 for testUSDT to Database took: 73 ms
2023-01-12 10:58:26.527[1673517506527] | INFO  | main       | Binance.BinanceRunner                - downloaded symbols: [testUSDT, wrongTicker]
2023-01-12 10:58:26.527[1673517506527] | INFO  | main       | Binance.BinanceRunner                - start synchronization with db
2023-01-12 10:58:26.582[1673517506582] | INFO  | main       | Binance.BinanceRunner                - symbols are synchronized
2023-01-12 10:58:26.582[1673517506582] | INFO  | main       | Binance.BinanceRunner                - getting list of symbols
2023-01-12 10:58:26.629[1673517506629] | INFO  | main       | Binance.BinanceRunner                - symbols from persistence
2023-01-12 10:58:26.629[1673517506629] | INFO  | main       | Binance.BinanceRunner                - Symbol{id=1, symbol='testUSDT'}
2023-01-12 10:58:26.629[1673517506629] | INFO  | main       | Binance.BinanceRunner                - mod params: adding one day
2023-01-12 10:58:26.629[1673517506629] | INFO  | main       | Binance.BinanceRunner                - mod params: timeframe 1d
2023-01-12 10:58:26.629[1673517506629] | INFO  | main       | Binance.BinanceRunner                - 2000-01-01T05:25:02 modified: 2000-01-02T05:25:02
2023-01-12 10:58:26.629[1673517506629] | INFO  | main       | Binance.BinanceRunner                - prepared params: {symbol=testUSDT, interval=1d, limit=1000, startTime=946790702000}
2023-01-12 10:58:26.629[1673517506629] | INFO  | main       | Binance.BinanceRunner                - downloaded data size: 2
2023-01-12 10:58:26.629[1673517506629] | INFO  | main       | Binance.BinanceRunner                - checking condition to remove last data from list: false
2023-01-12 10:58:26.629[1673517506629] | INFO  | main       | persistence.DataRepository           - Using hibernate to write data. Data size 2
2023-01-12 10:58:26.629[1673517506629] | INFO  | main       | persistence.DbWriter                 - Saving data to db for: testUSDT
2023-01-12 10:58:26.629[1673517506629] | INFO  | main       | persistence.DbWriter                 - adding data to transaction: BinanceData{dataId=model.DataId@5374cdcf, open=0.06974816486596713, high=0.730560249021641, low=0.731906690302876, close=0.6637816145201358, volume=0.7576153088065994}
2023-01-12 10:58:26.629[1673517506629] | INFO  | main       | persistence.DbWriter                 - adding data to transaction: BinanceData{dataId=model.DataId@4bad25f5, open=0.2055443178128441, high=0.8236564820154979, low=0.11262544897469706, close=0.846132907469709, volume=0.9966424547542383}
2023-01-12 10:58:26.660[1673517506660] | INFO  | main       | persistence.DbWriter                 - Saving all data 2 for testUSDT to Database took: 29 ms
2023-01-12 12:21:33.627[1673522493627] | INFO  | MLog-Init-Reporter | com.mchange.v2.log.MLog              - MLog clients using slf4j logging.
2023-01-12 12:21:33.821[1673522493821] | INFO  | main       | com.mchange.v2.c3p0.C3P0Registry     - Initializing c3p0-0.9.5.5 [built 11-December-2019 22:18:33 -0800; debug? true; trace: 10]
2023-01-12 12:21:34.044[1673522494044] | INFO  | main       | c.m.v.c.i.AbstractPoolBackedDataSource - Initializing c3p0 pool... com.mchange.v2.c3p0.PoolBackedDataSource@b3f788f9 [ connectionPoolDataSource -> com.mchange.v2.c3p0.WrapperConnectionPoolDataSource@c72a6101 [ acquireIncrement -> 1, acquireRetryAttempts -> 30, acquireRetryDelay -> 1000, autoCommitOnClose -> false, automaticTestTable -> null, breakAfterAcquireFailure -> false, checkoutTimeout -> 0, connectionCustomizerClassName -> null, connectionTesterClassName -> com.mchange.v2.c3p0.impl.DefaultConnectionTester, contextClassLoaderSource -> caller, debugUnreturnedConnectionStackTraces -> false, factoryClassLocation -> null, forceIgnoreUnresolvedTransactions -> false, forceSynchronousCheckins -> false, identityToken -> 1hgengqat19z9o1yewghc9|39c1fe0b, idleConnectionTestPeriod -> 3000, initialPoolSize -> 10, maxAdministrativeTaskTime -> 0, maxConnectionAge -> 0, maxIdleTime -> 1800, maxIdleTimeExcessConnections -> 0, maxPoolSize -> 20, maxStatements -> 50, maxStatementsPerConnection -> 0, minPoolSize -> 10, nestedDataSource -> com.mchange.v2.c3p0.DriverManagerDataSource@e29a3a2a [ description -> null, driverClass -> null, factoryClassLocation -> null, forceUseNamedDriverClass -> false, identityToken -> 1hgengqat19z9o1yewghc9|56681eaf, jdbcUrl -> jdbc:mysql://localhost:3306/test, properties -> {password=******, user=******} ], preferredTestQuery -> null, privilegeSpawnedThreads -> false, propertyCycle -> 0, statementCacheNumDeferredCloseThreads -> 0, testConnectionOnCheckin -> false, testConnectionOnCheckout -> false, unreturnedConnectionTimeout -> 0, usesTraditionalReflectiveProxies -> false; userOverrides: {} ], dataSourceName -> null, extensions -> {}, factoryClassLocation -> null, identityToken -> 1hgengqat19z9o1yewghc9|571a9686, numHelperThreads -> 3 ]
2023-01-12 12:21:38.138[1673522498138] | INFO  | main       | Binance.BinanceRunner                - downloaded symbols: [testUSDT, wrongTicker]
2023-01-12 12:21:38.138[1673522498138] | INFO  | main       | Binance.BinanceRunner                - start synchronization with db
2023-01-12 12:21:38.539[1673522498539] | INFO  | main       | Binance.BinanceRunner                - symbols are synchronized
2023-01-12 12:21:38.539[1673522498539] | INFO  | main       | Binance.BinanceRunner                - getting list of symbols
2023-01-12 12:21:38.602[1673522498602] | INFO  | main       | Binance.BinanceRunner                - symbols from persistence
2023-01-12 12:21:38.602[1673522498602] | INFO  | main       | Binance.BinanceRunner                - Symbol{id=1, symbol='testUSDT'}
2023-01-12 12:21:38.602[1673522498602] | INFO  | main       | Binance.BinanceRunner                - mod params: adding one day
2023-01-12 12:21:38.602[1673522498602] | INFO  | main       | Binance.BinanceRunner                - mod params: timeframe 1d
2023-01-12 12:21:38.602[1673522498602] | INFO  | main       | Binance.BinanceRunner                - 2010-01-01T00:00 modified: 2010-01-02T00:00
2023-01-12 12:21:38.602[1673522498602] | INFO  | main       | Binance.BinanceRunner                - prepared params: {symbol=testUSDT, interval=1d, limit=1000, startTime=1262390400000}
2023-01-12 12:21:38.702[1673522498702] | INFO  | main       | Binance.BinanceRunner                - downloaded data size: 2
2023-01-12 12:21:38.718[1673522498718] | INFO  | main       | Binance.BinanceRunner                - checking condition to remove last data from list: false
2023-01-12 12:21:38.718[1673522498718] | INFO  | main       | persistence.DataRepository           - Using hibernate to write data. Data size 2
2023-01-12 12:21:38.718[1673522498718] | INFO  | main       | persistence.DbWriter                 - Saving data to db for: testUSDT
2023-01-12 12:21:38.736[1673522498736] | INFO  | main       | persistence.DbWriter                 - adding data to transaction: BinanceData{dataId=model.DataId@63033e2b, open=0.06268275053726202, high=0.1304161703693537, low=0.7612485406990328, close=0.957167618811814, volume=0.6841746097233602}
2023-01-12 12:21:38.736[1673522498736] | INFO  | main       | persistence.DbWriter                 - adding data to transaction: BinanceData{dataId=model.DataId@5b3d95e1, open=0.9209609019463381, high=0.88660555381752, low=0.7317854606021225, close=0.1468077589299469, volume=0.06034539834779773}
2023-01-12 12:21:38.898[1673522498898] | INFO  | main       | persistence.DbWriter                 - Saving all data 2 for testUSDT to Database took: 164 ms
2023-01-12 12:21:38.898[1673522498898] | INFO  | main       | Binance.BinanceRunner                - downloaded symbols: [testUSDT, wrongTicker]
2023-01-12 12:21:38.898[1673522498898] | INFO  | main       | Binance.BinanceRunner                - start synchronization with db
2023-01-12 12:21:38.969[1673522498969] | INFO  | main       | Binance.BinanceRunner                - symbols are synchronized
2023-01-12 12:21:38.969[1673522498969] | INFO  | main       | Binance.BinanceRunner                - getting list of symbols
2023-01-12 12:21:39.009[1673522499009] | INFO  | main       | Binance.BinanceRunner                - symbols from persistence
2023-01-12 12:21:39.009[1673522499009] | INFO  | main       | Binance.BinanceRunner                - Symbol{id=1, symbol='testUSDT'}
2023-01-12 12:21:39.009[1673522499009] | INFO  | main       | Binance.BinanceRunner                - mod params: adding one day
2023-01-12 12:21:39.009[1673522499009] | INFO  | main       | Binance.BinanceRunner                - mod params: timeframe 1d
2023-01-12 12:21:39.009[1673522499009] | INFO  | main       | Binance.BinanceRunner                - 2000-01-01T05:25:02 modified: 2000-01-02T05:25:02
2023-01-12 12:21:39.009[1673522499009] | INFO  | main       | Binance.BinanceRunner                - prepared params: {symbol=testUSDT, interval=1d, limit=1000, startTime=946790702000}
2023-01-12 12:21:39.009[1673522499009] | INFO  | main       | Binance.BinanceRunner                - downloaded data size: 2
2023-01-12 12:21:39.009[1673522499009] | INFO  | main       | Binance.BinanceRunner                - checking condition to remove last data from list: false
2023-01-12 12:21:39.009[1673522499009] | INFO  | main       | persistence.DataRepository           - Using hibernate to write data. Data size 2
2023-01-12 12:21:39.009[1673522499009] | INFO  | main       | persistence.DbWriter                 - Saving data to db for: testUSDT
2023-01-12 12:21:39.017[1673522499017] | INFO  | main       | persistence.DbWriter                 - adding data to transaction: BinanceData{dataId=model.DataId@5374cdcf, open=0.5949314382297389, high=0.9911069279736638, low=0.6370728750156794, close=0.524295111257497, volume=0.8068236112000334}
2023-01-12 12:21:39.017[1673522499017] | INFO  | main       | persistence.DbWriter                 - adding data to transaction: BinanceData{dataId=model.DataId@4bad25f5, open=0.8739696047204509, high=0.6363849935598345, low=0.6050931904236128, close=0.9029444383974691, volume=0.6468763892880958}
2023-01-12 12:21:39.098[1673522499098] | INFO  | main       | persistence.DbWriter                 - Saving all data 2 for testUSDT to Database took: 83 ms
2023-01-12 12:22:22.778[1673522542778] | INFO  | MLog-Init-Reporter | com.mchange.v2.log.MLog              - MLog clients using slf4j logging.
2023-01-12 12:22:22.931[1673522542931] | INFO  | main       | com.mchange.v2.c3p0.C3P0Registry     - Initializing c3p0-0.9.5.5 [built 11-December-2019 22:18:33 -0800; debug? true; trace: 10]
2023-01-12 12:22:23.078[1673522543078] | INFO  | main       | c.m.v.c.i.AbstractPoolBackedDataSource - Initializing c3p0 pool... com.mchange.v2.c3p0.PoolBackedDataSource@4c30749c [ connectionPoolDataSource -> com.mchange.v2.c3p0.WrapperConnectionPoolDataSource@502bd84f [ acquireIncrement -> 1, acquireRetryAttempts -> 30, acquireRetryDelay -> 1000, autoCommitOnClose -> false, automaticTestTable -> null, breakAfterAcquireFailure -> false, checkoutTimeout -> 0, connectionCustomizerClassName -> null, connectionTesterClassName -> com.mchange.v2.c3p0.impl.DefaultConnectionTester, contextClassLoaderSource -> caller, debugUnreturnedConnectionStackTraces -> false, factoryClassLocation -> null, forceIgnoreUnresolvedTransactions -> false, forceSynchronousCheckins -> false, identityToken -> 1hgengqat19zapz3ka99xi|3e5d4f6b, idleConnectionTestPeriod -> 3000, initialPoolSize -> 10, maxAdministrativeTaskTime -> 0, maxConnectionAge -> 0, maxIdleTime -> 1800, maxIdleTimeExcessConnections -> 0, maxPoolSize -> 20, maxStatements -> 50, maxStatementsPerConnection -> 0, minPoolSize -> 10, nestedDataSource -> com.mchange.v2.c3p0.DriverManagerDataSource@b4142ceb [ description -> null, driverClass -> null, factoryClassLocation -> null, forceUseNamedDriverClass -> false, identityToken -> 1hgengqat19zapz3ka99xi|4f67e3df, jdbcUrl -> jdbc:mysql://localhost:3306/test, properties -> {password=******, user=******} ], preferredTestQuery -> null, privilegeSpawnedThreads -> false, propertyCycle -> 0, statementCacheNumDeferredCloseThreads -> 0, testConnectionOnCheckin -> false, testConnectionOnCheckout -> false, unreturnedConnectionTimeout -> 0, usesTraditionalReflectiveProxies -> false; userOverrides: {} ], dataSourceName -> null, extensions -> {}, factoryClassLocation -> null, identityToken -> 1hgengqat19zapz3ka99xi|59c33386, numHelperThreads -> 3 ]
2023-01-12 12:22:26.828[1673522546828] | INFO  | main       | Binance.BinanceRunner                - downloaded symbols: [testUSDT, wrongTicker]
2023-01-12 12:22:26.828[1673522546828] | INFO  | main       | Binance.BinanceRunner                - start synchronization with db
2023-01-12 12:22:27.076[1673522547076] | INFO  | main       | Binance.BinanceRunner                - symbols are synchronized
2023-01-12 12:22:27.076[1673522547076] | INFO  | main       | Binance.BinanceRunner                - getting list of symbols
2023-01-12 12:22:27.129[1673522547129] | INFO  | main       | Binance.BinanceRunner                - symbols from persistence
2023-01-12 12:22:27.129[1673522547129] | INFO  | main       | Binance.BinanceRunner                - Symbol{id=1, symbol='testUSDT'}
2023-01-12 12:22:27.145[1673522547145] | INFO  | main       | Binance.BinanceRunner                - mod params: adding one day
2023-01-12 12:22:27.145[1673522547145] | INFO  | main       | Binance.BinanceRunner                - mod params: timeframe 1d
2023-01-12 12:22:27.145[1673522547145] | INFO  | main       | Binance.BinanceRunner                - 2010-01-01T00:00 modified: 2010-01-02T00:00
2023-01-12 12:22:27.145[1673522547145] | INFO  | main       | Binance.BinanceRunner                - prepared params: {symbol=testUSDT, interval=1d, limit=1000, startTime=1262390400000}
2023-01-12 12:22:27.160[1673522547160] | INFO  | main       | Binance.BinanceRunner                - downloaded data size: 2
2023-01-12 12:22:27.176[1673522547176] | INFO  | main       | Binance.BinanceRunner                - checking condition to remove last data from list: false
2023-01-12 12:22:27.176[1673522547176] | INFO  | main       | persistence.DataRepository           - Using hibernate to write data. Data size 2
2023-01-12 12:22:27.176[1673522547176] | INFO  | main       | persistence.DbWriter                 - Saving data to db for: testUSDT
2023-01-12 12:22:27.176[1673522547176] | INFO  | main       | persistence.DbWriter                 - adding data to transaction: BinanceData{dataId=model.DataId@63033e2b, open=0.15206756243439234, high=0.12616776691789455, low=0.5339120415548619, close=0.4159148631759282, volume=0.4010690107586512}
2023-01-12 12:22:27.176[1673522547176] | INFO  | main       | persistence.DbWriter                 - adding data to transaction: BinanceData{dataId=model.DataId@5b3d95e1, open=0.1542315583597038, high=0.1071124405299888, low=0.3427858400379583, close=0.6852588964066251, volume=0.49230742509306114}
2023-01-12 12:22:27.229[1673522547229] | INFO  | main       | persistence.DbWriter                 - Saving all data 2 for testUSDT to Database took: 44 ms
2023-01-12 12:22:27.229[1673522547229] | INFO  | main       | Binance.BinanceRunner                - downloaded symbols: [testUSDT, wrongTicker]
2023-01-12 12:22:27.229[1673522547229] | INFO  | main       | Binance.BinanceRunner                - start synchronization with db
2023-01-12 12:22:27.292[1673522547292] | INFO  | main       | Binance.BinanceRunner                - symbols are synchronized
2023-01-12 12:22:27.292[1673522547292] | INFO  | main       | Binance.BinanceRunner                - getting list of symbols
2023-01-12 12:22:27.314[1673522547314] | INFO  | main       | Binance.BinanceRunner                - symbols from persistence
2023-01-12 12:22:27.314[1673522547314] | INFO  | main       | Binance.BinanceRunner                - Symbol{id=1, symbol='testUSDT'}
2023-01-12 12:22:27.314[1673522547314] | INFO  | main       | Binance.BinanceRunner                - mod params: adding one day
2023-01-12 12:22:27.314[1673522547314] | INFO  | main       | Binance.BinanceRunner                - mod params: timeframe 1d
2023-01-12 12:22:27.314[1673522547314] | INFO  | main       | Binance.BinanceRunner                - 2000-01-01T05:25:02 modified: 2000-01-02T05:25:02
2023-01-12 12:22:27.314[1673522547314] | INFO  | main       | Binance.BinanceRunner                - prepared params: {symbol=testUSDT, interval=1d, limit=1000, startTime=946790702000}
2023-01-12 12:22:27.330[1673522547330] | INFO  | main       | Binance.BinanceRunner                - downloaded data size: 2
2023-01-12 12:22:27.330[1673522547330] | INFO  | main       | Binance.BinanceRunner                - checking condition to remove last data from list: false
2023-01-12 12:22:27.330[1673522547330] | INFO  | main       | persistence.DataRepository           - Using hibernate to write data. Data size 2
2023-01-12 12:22:27.330[1673522547330] | INFO  | main       | persistence.DbWriter                 - Saving data to db for: testUSDT
2023-01-12 12:22:27.330[1673522547330] | INFO  | main       | persistence.DbWriter                 - adding data to transaction: BinanceData{dataId=model.DataId@5374cdcf, open=0.40764846496131457, high=0.7250971146989375, low=0.05796170579485205, close=0.43264699685017705, volume=0.43132212004135384}
2023-01-12 12:22:27.330[1673522547330] | INFO  | main       | persistence.DbWriter                 - adding data to transaction: BinanceData{dataId=model.DataId@4bad25f5, open=0.2489629793960072, high=0.5803478976467127, low=0.650283648630424, close=0.16280620952017066, volume=0.3280870263921116}
2023-01-12 12:22:27.345[1673522547345] | INFO  | main       | persistence.DbWriter                 - Saving all data 2 for testUSDT to Database took: 19 ms
2023-01-12 12:32:47.938[1673523167938] | INFO  | main       | config.FileConfig$ConfigBuilder      - Created new config
2023-01-12 12:32:47.992[1673523167992] | INFO  | main       | config.FileConfig$ConfigBuilder      - ConfigBuilder{login='root', url='jdbc:mysql://localhost:3306/test', password=[***] ', timeframe='1d', klineLimit=1000, startDateTime=2010-01-01T00:00:00Z}
2023-01-12 12:32:48.003[1673523168003] | INFO  | main       | config.FileConfig$ConfigBuilder      - Created new config
2023-01-12 12:32:48.004[1673523168004] | INFO  | main       | config.FileConfig$ConfigBuilder      - ConfigBuilder{login='root', url='jdbc:mysql://localhost:3306/test', password=[***] ', timeframe='1d', klineLimit=1000, startDateTime=2010-01-01T00:00:00Z}
2023-01-12 12:32:48.014[1673523168014] | INFO  | main       | config.FileConfig$ConfigBuilder      - Created new config
2023-01-12 12:32:48.015[1673523168015] | INFO  | main       | config.FileConfig$ConfigBuilder      - ConfigBuilder{login='root', url='jdbc:mysql://localhost:3306/test', password=[***] ', timeframe='1d', klineLimit=1000, startDateTime=2010-01-01T00:00:00Z}
2023-01-12 12:32:48.020[1673523168020] | INFO  | main       | config.FileConfig$ConfigBuilder      - Created new config
2023-01-12 12:32:48.025[1673523168025] | INFO  | main       | config.FileConfig$ConfigBuilder      - ConfigBuilder{login='root', url='jdbc:mysql://localhost:3306/test', password=[***] ', timeframe='1d', klineLimit=1000, startDateTime=2010-01-01T00:00:00Z}
2023-01-12 12:32:48.045[1673523168045] | INFO  | main       | config.FileConfig$ConfigBuilder      - Created new config
2023-01-12 12:32:48.045[1673523168045] | INFO  | main       | config.FileConfig$ConfigBuilder      - ConfigBuilder{login='root', url='jdbc:mysql://localhost:3306/test', password=[***] ', timeframe='1d', klineLimit=1000, startDateTime=2010-01-01T00:00:00Z}
2023-01-12 12:32:48.061[1673523168061] | INFO  | main       | config.FileConfig$ConfigBuilder      - Created new config
2023-01-12 12:32:48.065[1673523168065] | INFO  | main       | config.FileConfig$ConfigBuilder      - ConfigBuilder{login='root', url='jdbc:mysql://localhost:3306/test', password=[***] ', timeframe='1d', klineLimit=1000, startDateTime=2010-01-01T00:00:00Z}
2023-01-12 12:33:03.907[1673523183907] | INFO  | MLog-Init-Reporter | com.mchange.v2.log.MLog              - MLog clients using slf4j logging.
2023-01-12 12:33:04.099[1673523184099] | INFO  | main       | com.mchange.v2.c3p0.C3P0Registry     - Initializing c3p0-0.9.5.5 [built 11-December-2019 22:18:33 -0800; debug? true; trace: 10]
2023-01-12 12:33:04.317[1673523184317] | INFO  | main       | c.m.v.c.i.AbstractPoolBackedDataSource - Initializing c3p0 pool... com.mchange.v2.c3p0.PoolBackedDataSource@a8fa4d39 [ connectionPoolDataSource -> com.mchange.v2.c3p0.WrapperConnectionPoolDataSource@a70bdc6b [ acquireIncrement -> 1, acquireRetryAttempts -> 30, acquireRetryDelay -> 1000, autoCommitOnClose -> false, automaticTestTable -> null, breakAfterAcquireFailure -> false, checkoutTimeout -> 0, connectionCustomizerClassName -> null, connectionTesterClassName -> com.mchange.v2.c3p0.impl.DefaultConnectionTester, contextClassLoaderSource -> caller, debugUnreturnedConnectionStackTraces -> false, factoryClassLocation -> null, forceIgnoreUnresolvedTransactions -> false, forceSynchronousCheckins -> false, identityToken -> 1hgengqat19zogoslq7yn5|6dc1dc69, idleConnectionTestPeriod -> 3000, initialPoolSize -> 10, maxAdministrativeTaskTime -> 0, maxConnectionAge -> 0, maxIdleTime -> 1800, maxIdleTimeExcessConnections -> 0, maxPoolSize -> 20, maxStatements -> 50, maxStatementsPerConnection -> 0, minPoolSize -> 10, nestedDataSource -> com.mchange.v2.c3p0.DriverManagerDataSource@6c844b81 [ description -> null, driverClass -> null, factoryClassLocation -> null, forceUseNamedDriverClass -> false, identityToken -> 1hgengqat19zogoslq7yn5|9b76b60, jdbcUrl -> jdbc:mysql://localhost:3306/test, properties -> {password=******, user=******} ], preferredTestQuery -> null, privilegeSpawnedThreads -> false, propertyCycle -> 0, statementCacheNumDeferredCloseThreads -> 0, testConnectionOnCheckin -> false, testConnectionOnCheckout -> false, unreturnedConnectionTimeout -> 0, usesTraditionalReflectiveProxies -> false; userOverrides: {} ], dataSourceName -> null, extensions -> {}, factoryClassLocation -> null, identityToken -> 1hgengqat19zogoslq7yn5|655f69da, numHelperThreads -> 3 ]
2023-01-12 12:33:10.057[1673523190057] | INFO  | main       | persistence.DataRepository           - Found differences in Symbols table: [test2]
2023-01-12 12:33:11.817[1673523191817] | INFO  | main       | Binance.BinanceRunner                - downloaded symbols: [testUSDT, wrongTicker]
2023-01-12 12:33:11.821[1673523191821] | INFO  | main       | Binance.BinanceRunner                - start synchronization with db
2023-01-12 12:33:11.850[1673523191850] | INFO  | main       | Binance.BinanceRunner                - symbols are synchronized
2023-01-12 12:33:11.850[1673523191850] | INFO  | main       | Binance.BinanceRunner                - getting list of symbols
2023-01-12 12:33:11.871[1673523191871] | INFO  | main       | Binance.BinanceRunner                - symbols from persistence
2023-01-12 12:33:11.873[1673523191873] | INFO  | main       | Binance.BinanceRunner                - Symbol{id=1, symbol='testUSDT'}
2023-01-12 12:33:11.873[1673523191873] | INFO  | main       | Binance.BinanceRunner                - mod params: adding one day
2023-01-12 12:33:11.874[1673523191874] | INFO  | main       | Binance.BinanceRunner                - mod params: timeframe 1d
2023-01-12 12:33:11.874[1673523191874] | INFO  | main       | Binance.BinanceRunner                - 2010-01-01T00:00 modified: 2010-01-02T00:00
2023-01-12 12:33:11.875[1673523191875] | INFO  | main       | Binance.BinanceRunner                - prepared params: {symbol=testUSDT, interval=1d, limit=1000, startTime=1262390400000}
2023-01-12 12:33:11.901[1673523191901] | INFO  | main       | Binance.BinanceRunner                - downloaded data size: 2
2023-01-12 12:33:11.905[1673523191905] | INFO  | main       | Binance.BinanceRunner                - checking condition to remove last data from list: false
2023-01-12 12:33:11.906[1673523191906] | INFO  | main       | persistence.DataRepository           - Using hibernate to write data. Data size 2
2023-01-12 12:33:11.906[1673523191906] | INFO  | main       | persistence.DbWriter                 - Saving data to db for: testUSDT
2023-01-12 12:33:11.908[1673523191908] | INFO  | main       | persistence.DbWriter                 - adding data to transaction: BinanceData{dataId=model.DataId@63033e2b, open=0.22922741822556525, high=0.8328321192315705, low=0.8406195525693015, close=0.3904031842385718, volume=0.4307294416643629}
2023-01-12 12:33:11.910[1673523191910] | INFO  | main       | persistence.DbWriter                 - adding data to transaction: BinanceData{dataId=model.DataId@5b3d95e1, open=0.7059005880431717, high=0.34631897418924495, low=0.15013497534602216, close=0.7361838561142323, volume=0.21603974353226751}
2023-01-12 12:33:11.938[1673523191938] | INFO  | main       | persistence.DbWriter                 - Saving all data 2 for testUSDT to Database took: 22 ms
2023-01-12 12:33:11.939[1673523191939] | INFO  | main       | Binance.BinanceRunner                - downloaded symbols: [testUSDT, wrongTicker]
2023-01-12 12:33:11.939[1673523191939] | INFO  | main       | Binance.BinanceRunner                - start synchronization with db
2023-01-12 12:33:11.964[1673523191964] | INFO  | main       | Binance.BinanceRunner                - symbols are synchronized
2023-01-12 12:33:11.965[1673523191965] | INFO  | main       | Binance.BinanceRunner                - getting list of symbols
2023-01-12 12:33:11.996[1673523191996] | INFO  | main       | Binance.BinanceRunner                - symbols from persistence
2023-01-12 12:33:11.996[1673523191996] | INFO  | main       | Binance.BinanceRunner                - Symbol{id=1, symbol='testUSDT'}
2023-01-12 12:33:11.996[1673523191996] | INFO  | main       | Binance.BinanceRunner                - mod params: adding one day
2023-01-12 12:33:11.997[1673523191997] | INFO  | main       | Binance.BinanceRunner                - mod params: timeframe 1d
2023-01-12 12:33:11.997[1673523191997] | INFO  | main       | Binance.BinanceRunner                - 2000-01-01T05:25:02 modified: 2000-01-02T05:25:02
2023-01-12 12:33:11.997[1673523191997] | INFO  | main       | Binance.BinanceRunner                - prepared params: {symbol=testUSDT, interval=1d, limit=1000, startTime=946790702000}
2023-01-12 12:33:11.997[1673523191997] | INFO  | main       | Binance.BinanceRunner                - downloaded data size: 2
2023-01-12 12:33:11.998[1673523191998] | INFO  | main       | Binance.BinanceRunner                - checking condition to remove last data from list: false
2023-01-12 12:33:11.998[1673523191998] | INFO  | main       | persistence.DataRepository           - Using hibernate to write data. Data size 2
2023-01-12 12:33:11.998[1673523191998] | INFO  | main       | persistence.DbWriter                 - Saving data to db for: testUSDT
2023-01-12 12:33:12.000[1673523192000] | INFO  | main       | persistence.DbWriter                 - adding data to transaction: BinanceData{dataId=model.DataId@5374cdcf, open=0.6524259699794875, high=0.09109038847629047, low=0.37021478228020543, close=0.5563882590657844, volume=0.2206861299931685}
2023-01-12 12:33:12.001[1673523192001] | INFO  | main       | persistence.DbWriter                 - adding data to transaction: BinanceData{dataId=model.DataId@4bad25f5, open=0.4949936434542329, high=0.7867455008366623, low=0.02580921076504894, close=0.1292385701759836, volume=0.8136593237584668}
2023-01-12 12:33:12.020[1673523192020] | INFO  | main       | persistence.DbWriter                 - Saving all data 2 for testUSDT to Database took: 21 ms
2023-01-12 12:33:12.829[1673523192829] | INFO  | main       | persistence.DbWriter                 - Saving data to db for: test
2023-01-12 12:33:12.831[1673523192831] | INFO  | main       | persistence.DbWriter                 - adding data to transaction: BinanceData{dataId=model.DataId@b0893318, open=323.41, high=23132.1, low=231.3, close=95.21, volume=230.2}
2023-01-12 12:33:12.832[1673523192832] | INFO  | main       | persistence.DbWriter                 - adding data to transaction: BinanceData{dataId=model.DataId@ebefdd1b, open=323.41, high=23132.1, low=231.3, close=95.21, volume=230.2}
2023-01-12 12:33:12.833[1673523192833] | INFO  | main       | persistence.DbWriter                 - adding data to transaction: BinanceData{dataId=model.DataId@2755c71b, open=323.41, high=23132.1, low=231.3, close=95.21, volume=230.2}
2023-01-12 12:33:12.833[1673523192833] | INFO  | main       | persistence.DbWriter                 - adding data to transaction: BinanceData{dataId=model.DataId@63389118, open=323.41, high=23132.1, low=231.3, close=95.21, volume=230.2}
2023-01-12 12:33:12.855[1673523192855] | INFO  | main       | persistence.DbWriter                 - Saving all data 4 for test to Database took: 25 ms
2023-01-12 12:33:13.651[1673523193651] | INFO  | main       | config.FileConfig$ConfigBuilder      - Created new config
2023-01-12 12:33:13.651[1673523193651] | INFO  | main       | config.FileConfig$ConfigBuilder      - ConfigBuilder{login='root', url='jdbc:mysql://localhost:3306/test', password=[***] ', timeframe='4h', klineLimit=500, startDateTime=2010-01-01T00:00:00Z}
2023-01-12 12:33:13.901[1673523193901] | INFO  | main       | c.m.v.c.i.AbstractPoolBackedDataSource - Initializing c3p0 pool... com.mchange.v2.c3p0.PoolBackedDataSource@48c44c7e [ connectionPoolDataSource -> com.mchange.v2.c3p0.WrapperConnectionPoolDataSource@9a25247c [ acquireIncrement -> 3, acquireRetryAttempts -> 30, acquireRetryDelay -> 1000, autoCommitOnClose -> false, automaticTestTable -> null, breakAfterAcquireFailure -> false, checkoutTimeout -> 0, connectionCustomizerClassName -> null, connectionTesterClassName -> com.mchange.v2.c3p0.impl.DefaultConnectionTester, contextClassLoaderSource -> caller, debugUnreturnedConnectionStackTraces -> false, factoryClassLocation -> null, forceIgnoreUnresolvedTransactions -> false, forceSynchronousCheckins -> false, identityToken -> 1hgengqat19zogoslq7yn5|43a59289, idleConnectionTestPeriod -> 0, initialPoolSize -> 3, maxAdministrativeTaskTime -> 0, maxConnectionAge -> 0, maxIdleTime -> 0, maxIdleTimeExcessConnections -> 0, maxPoolSize -> 15, maxStatements -> 0, maxStatementsPerConnection -> 0, minPoolSize -> 3, nestedDataSource -> com.mchange.v2.c3p0.DriverManagerDataSource@e865acea [ description -> null, driverClass -> null, factoryClassLocation -> null, forceUseNamedDriverClass -> false, identityToken -> 1hgengqat19zogoslq7yn5|87aec6a, jdbcUrl -> jdbc:mysql://localhost:3306/test, properties -> {password=******, user=******} ], preferredTestQuery -> null, privilegeSpawnedThreads -> false, propertyCycle -> 0, statementCacheNumDeferredCloseThreads -> 0, testConnectionOnCheckin -> false, testConnectionOnCheckout -> false, unreturnedConnectionTimeout -> 0, usesTraditionalReflectiveProxies -> false; userOverrides: {} ], dataSourceName -> null, extensions -> {}, factoryClassLocation -> null, identityToken -> 1hgengqat19zogoslq7yn5|336e3be2, numHelperThreads -> 3 ]
2023-01-12 12:46:58.320[1673524018320] | INFO  | main       | config.FileConfig$ConfigBuilder      - Created new config
2023-01-12 12:46:58.350[1673524018350] | INFO  | main       | config.FileConfig$ConfigBuilder      - ConfigBuilder{login='root', url='jdbc:mysql://localhost:3306/test', password=[***] ', timeframe='1d', klineLimit=1000, startDateTime=2010-01-01T00:00:00Z}
2023-01-12 12:46:58.362[1673524018362] | INFO  | main       | config.FileConfig$ConfigBuilder      - Created new config
2023-01-12 12:46:58.362[1673524018362] | INFO  | main       | config.FileConfig$ConfigBuilder      - ConfigBuilder{login='root', url='jdbc:mysql://localhost:3306/test', password=[***] ', timeframe='1d', klineLimit=1000, startDateTime=2010-01-01T00:00:00Z}
2023-01-12 12:46:58.365[1673524018365] | INFO  | main       | config.FileConfig$ConfigBuilder      - Created new config
2023-01-12 12:46:58.366[1673524018366] | INFO  | main       | config.FileConfig$ConfigBuilder      - ConfigBuilder{login='root', url='jdbc:mysql://localhost:3306/test', password=[***] ', timeframe='1d', klineLimit=1000, startDateTime=2010-01-01T00:00:00Z}
2023-01-12 12:46:58.368[1673524018368] | INFO  | main       | config.FileConfig$ConfigBuilder      - Created new config
2023-01-12 12:46:58.369[1673524018369] | INFO  | main       | config.FileConfig$ConfigBuilder      - ConfigBuilder{login='root', url='jdbc:mysql://localhost:3306/test', password=[***] ', timeframe='1d', klineLimit=1000, startDateTime=2010-01-01T00:00:00Z}
2023-01-12 12:46:58.381[1673524018381] | INFO  | main       | config.FileConfig$ConfigBuilder      - Created new config
2023-01-12 12:46:58.381[1673524018381] | INFO  | main       | config.FileConfig$ConfigBuilder      - ConfigBuilder{login='root', url='jdbc:mysql://localhost:3306/test', password=[***] ', timeframe='1d', klineLimit=1000, startDateTime=2010-01-01T00:00:00Z}
2023-01-12 12:46:58.384[1673524018384] | INFO  | main       | config.FileConfig$ConfigBuilder      - Created new config
2023-01-12 12:46:58.385[1673524018385] | INFO  | main       | config.FileConfig$ConfigBuilder      - ConfigBuilder{login='root', url='jdbc:mysql://localhost:3306/test', password=[***] ', timeframe='1d', klineLimit=1000, startDateTime=2010-01-01T00:00:00Z}
2023-01-12 12:47:01.455[1673524021455] | INFO  | MLog-Init-Reporter | com.mchange.v2.log.MLog              - MLog clients using slf4j logging.
2023-01-12 12:47:01.661[1673524021661] | INFO  | main       | com.mchange.v2.c3p0.C3P0Registry     - Initializing c3p0-0.9.5.5 [built 11-December-2019 22:18:33 -0800; debug? true; trace: 10]
2023-01-12 12:47:01.901[1673524021901] | INFO  | main       | c.m.v.c.i.AbstractPoolBackedDataSource - Initializing c3p0 pool... com.mchange.v2.c3p0.PoolBackedDataSource@81dde553 [ connectionPoolDataSource -> com.mchange.v2.c3p0.WrapperConnectionPoolDataSource@416ca82e [ acquireIncrement -> 1, acquireRetryAttempts -> 30, acquireRetryDelay -> 1000, autoCommitOnClose -> false, automaticTestTable -> null, breakAfterAcquireFailure -> false, checkoutTimeout -> 0, connectionCustomizerClassName -> null, connectionTesterClassName -> com.mchange.v2.c3p0.impl.DefaultConnectionTester, contextClassLoaderSource -> caller, debugUnreturnedConnectionStackTraces -> false, factoryClassLocation -> null, forceIgnoreUnresolvedTransactions -> false, forceSynchronousCheckins -> false, identityToken -> 1hgengqat1a06exf1wpc9r5|58d6e55a, idleConnectionTestPeriod -> 3000, initialPoolSize -> 10, maxAdministrativeTaskTime -> 0, maxConnectionAge -> 0, maxIdleTime -> 1800, maxIdleTimeExcessConnections -> 0, maxPoolSize -> 20, maxStatements -> 50, maxStatementsPerConnection -> 0, minPoolSize -> 10, nestedDataSource -> com.mchange.v2.c3p0.DriverManagerDataSource@89720b71 [ description -> null, driverClass -> null, factoryClassLocation -> null, forceUseNamedDriverClass -> false, identityToken -> 1hgengqat1a06exf1wpc9r5|7978e022, jdbcUrl -> jdbc:mysql://localhost:3306/test, properties -> {password=******, user=******} ], preferredTestQuery -> null, privilegeSpawnedThreads -> false, propertyCycle -> 0, statementCacheNumDeferredCloseThreads -> 0, testConnectionOnCheckin -> false, testConnectionOnCheckout -> false, unreturnedConnectionTimeout -> 0, usesTraditionalReflectiveProxies -> false; userOverrides: {} ], dataSourceName -> null, extensions -> {}, factoryClassLocation -> null, identityToken -> 1hgengqat1a06exf1wpc9r5|abbe000, numHelperThreads -> 3 ]
2023-01-12 12:47:07.950[1673524027950] | INFO  | main       | persistence.DataRepository           - Found differences in Symbols table: [test2]
2023-01-12 12:47:09.590[1673524029590] | INFO  | main       | Binance.BinanceRunner                - downloaded symbols: [testUSDT, wrongTicker]
2023-01-12 12:47:09.592[1673524029592] | INFO  | main       | Binance.BinanceRunner                - start synchronization with db
2023-01-12 12:47:09.617[1673524029617] | INFO  | main       | Binance.BinanceRunner                - symbols are synchronized
2023-01-12 12:47:09.617[1673524029617] | INFO  | main       | Binance.BinanceRunner                - getting list of symbols
2023-01-12 12:47:09.635[1673524029635] | INFO  | main       | Binance.BinanceRunner                - symbols from persistence
2023-01-12 12:47:09.636[1673524029636] | INFO  | main       | Binance.BinanceRunner                - Symbol{id=1, symbol='testUSDT'}
2023-01-12 12:47:09.636[1673524029636] | INFO  | main       | Binance.BinanceRunner                - mod params: adding one day
2023-01-12 12:47:09.637[1673524029637] | INFO  | main       | Binance.BinanceRunner                - mod params: timeframe 1d
2023-01-12 12:47:09.637[1673524029637] | INFO  | main       | Binance.BinanceRunner                - 2010-01-01T00:00 modified: 2010-01-02T00:00
2023-01-12 12:47:09.637[1673524029637] | INFO  | main       | Binance.BinanceRunner                - prepared params: {symbol=testUSDT, interval=1d, limit=1000, startTime=1262390400000}
2023-01-12 12:47:09.652[1673524029652] | INFO  | main       | Binance.BinanceRunner                - downloaded data size: 2
2023-01-12 12:47:09.656[1673524029656] | INFO  | main       | Binance.BinanceRunner                - checking condition to remove last data from list: false
2023-01-12 12:47:09.656[1673524029656] | INFO  | main       | persistence.DataRepository           - Using hibernate to write data. Data size 2
2023-01-12 12:47:09.657[1673524029657] | INFO  | main       | persistence.DbWriter                 - Saving data to db for: testUSDT
2023-01-12 12:47:09.659[1673524029659] | INFO  | main       | persistence.DbWriter                 - adding data to transaction: BinanceData{dataId=model.DataId@63033e2b, open=0.8303895974461922, high=0.2060180705595177, low=0.7410978296094477, close=0.2835710757352766, volume=0.4314874575140376}
2023-01-12 12:47:09.660[1673524029660] | INFO  | main       | persistence.DbWriter                 - adding data to transaction: BinanceData{dataId=model.DataId@5b3d95e1, open=0.31233111591279616, high=0.603960548352581, low=0.2295791444014188, close=0.5903152621173869, volume=0.3843327485124869}
2023-01-12 12:47:09.683[1673524029683] | INFO  | main       | persistence.DbWriter                 - Saving all data 2 for testUSDT to Database took: 17 ms
2023-01-12 12:47:09.684[1673524029684] | INFO  | main       | Binance.BinanceRunner                - downloaded symbols: [testUSDT, wrongTicker]
2023-01-12 12:47:09.684[1673524029684] | INFO  | main       | Binance.BinanceRunner                - start synchronization with db
2023-01-12 12:47:09.702[1673524029702] | INFO  | main       | Binance.BinanceRunner                - symbols are synchronized
2023-01-12 12:47:09.703[1673524029703] | INFO  | main       | Binance.BinanceRunner                - getting list of symbols
2023-01-12 12:47:09.727[1673524029727] | INFO  | main       | Binance.BinanceRunner                - symbols from persistence
2023-01-12 12:47:09.730[1673524029730] | INFO  | main       | Binance.BinanceRunner                - Symbol{id=1, symbol='testUSDT'}
2023-01-12 12:47:09.731[1673524029731] | INFO  | main       | Binance.BinanceRunner                - mod params: adding one day
2023-01-12 12:47:09.731[1673524029731] | INFO  | main       | Binance.BinanceRunner                - mod params: timeframe 1d
2023-01-12 12:47:09.731[1673524029731] | INFO  | main       | Binance.BinanceRunner                - 2000-01-01T05:25:02 modified: 2000-01-02T05:25:02
2023-01-12 12:47:09.731[1673524029731] | INFO  | main       | Binance.BinanceRunner                - prepared params: {symbol=testUSDT, interval=1d, limit=1000, startTime=946790702000}
2023-01-12 12:47:09.732[1673524029732] | INFO  | main       | Binance.BinanceRunner                - downloaded data size: 2
2023-01-12 12:47:09.732[1673524029732] | INFO  | main       | Binance.BinanceRunner                - checking condition to remove last data from list: false
2023-01-12 12:47:09.732[1673524029732] | INFO  | main       | persistence.DataRepository           - Using hibernate to write data. Data size 2
2023-01-12 12:47:09.732[1673524029732] | INFO  | main       | persistence.DbWriter                 - Saving data to db for: testUSDT
2023-01-12 12:47:09.736[1673524029736] | INFO  | main       | persistence.DbWriter                 - adding data to transaction: BinanceData{dataId=model.DataId@5374cdcf, open=0.7859473496626035, high=0.1086200616789661, low=0.8623645828037135, close=0.04373233436941948, volume=0.2365610906415352}
2023-01-12 12:47:09.752[1673524029752] | INFO  | main       | persistence.DbWriter                 - adding data to transaction: BinanceData{dataId=model.DataId@4bad25f5, open=0.5672282028816926, high=0.3168852725642508, low=0.405256843199284, close=0.5367578894423571, volume=0.6371904452629022}
2023-01-12 12:47:09.777[1673524029777] | INFO  | main       | persistence.DbWriter                 - Saving all data 2 for testUSDT to Database took: 44 ms
2023-01-12 12:47:10.643[1673524030643] | INFO  | main       | persistence.DbWriter                 - Saving data to db for: test
2023-01-12 12:47:10.646[1673524030646] | INFO  | main       | persistence.DbWriter                 - adding data to transaction: BinanceData{dataId=model.DataId@b0893318, open=323.41, high=23132.1, low=231.3, close=95.21, volume=230.2}
2023-01-12 12:47:10.646[1673524030646] | INFO  | main       | persistence.DbWriter                 - adding data to transaction: BinanceData{dataId=model.DataId@ebefdd1b, open=323.41, high=23132.1, low=231.3, close=95.21, volume=230.2}
2023-01-12 12:47:10.647[1673524030647] | INFO  | main       | persistence.DbWriter                 - adding data to transaction: BinanceData{dataId=model.DataId@2755c71b, open=323.41, high=23132.1, low=231.3, close=95.21, volume=230.2}
2023-01-12 12:47:10.647[1673524030647] | INFO  | main       | persistence.DbWriter                 - adding data to transaction: BinanceData{dataId=model.DataId@63389118, open=323.41, high=23132.1, low=231.3, close=95.21, volume=230.2}
2023-01-12 12:47:10.673[1673524030673] | INFO  | main       | persistence.DbWriter                 - Saving all data 4 for test to Database took: 29 ms
2023-01-12 12:47:11.354[1673524031354] | INFO  | main       | config.FileConfig$ConfigBuilder      - Created new config
2023-01-12 12:47:11.354[1673524031354] | INFO  | main       | config.FileConfig$ConfigBuilder      - ConfigBuilder{login='root', url='jdbc:mysql://localhost:3306/test', password=[***] ', timeframe='4h', klineLimit=500, startDateTime=2010-01-01T00:00:00Z}
2023-01-12 12:47:11.584[1673524031584] | INFO  | main       | c.m.v.c.i.AbstractPoolBackedDataSource - Initializing c3p0 pool... com.mchange.v2.c3p0.PoolBackedDataSource@cd9dc838 [ connectionPoolDataSource -> com.mchange.v2.c3p0.WrapperConnectionPoolDataSource@999ff6cf [ acquireIncrement -> 3, acquireRetryAttempts -> 30, acquireRetryDelay -> 1000, autoCommitOnClose -> false, automaticTestTable -> null, breakAfterAcquireFailure -> false, checkoutTimeout -> 0, connectionCustomizerClassName -> null, connectionTesterClassName -> com.mchange.v2.c3p0.impl.DefaultConnectionTester, contextClassLoaderSource -> caller, debugUnreturnedConnectionStackTraces -> false, factoryClassLocation -> null, forceIgnoreUnresolvedTransactions -> false, forceSynchronousCheckins -> false, identityToken -> 1hgengqat1a06exf1wpc9r5|615bad16, idleConnectionTestPeriod -> 0, initialPoolSize -> 3, maxAdministrativeTaskTime -> 0, maxConnectionAge -> 0, maxIdleTime -> 0, maxIdleTimeExcessConnections -> 0, maxPoolSize -> 15, maxStatements -> 0, maxStatementsPerConnection -> 0, minPoolSize -> 3, nestedDataSource -> com.mchange.v2.c3p0.DriverManagerDataSource@4e843254 [ description -> null, driverClass -> null, factoryClassLocation -> null, forceUseNamedDriverClass -> false, identityToken -> 1hgengqat1a06exf1wpc9r5|61ad30f6, jdbcUrl -> jdbc:mysql://localhost:3306/test, properties -> {password=******, user=******} ], preferredTestQuery -> null, privilegeSpawnedThreads -> false, propertyCycle -> 0, statementCacheNumDeferredCloseThreads -> 0, testConnectionOnCheckin -> false, testConnectionOnCheckout -> false, unreturnedConnectionTimeout -> 0, usesTraditionalReflectiveProxies -> false; userOverrides: {} ], dataSourceName -> null, extensions -> {}, factoryClassLocation -> null, identityToken -> 1hgengqat1a06exf1wpc9r5|5aa7cfdf, numHelperThreads -> 3 ]
2023-01-12 12:53:15.621[1673524395621] | INFO  | main       | config.FileConfig$ConfigBuilder      - Created new config
2023-01-12 12:53:15.649[1673524395649] | INFO  | main       | config.FileConfig$ConfigBuilder      - ConfigBuilder{login='root', url='jdbc:mysql://localhost:3306/test', password=[***] ', timeframe='1d', klineLimit=1000, startDateTime=2010-01-01T00:00:00Z}
2023-01-12 12:53:15.656[1673524395656] | INFO  | main       | config.FileConfig$ConfigBuilder      - Created new config
2023-01-12 12:53:15.658[1673524395658] | INFO  | main       | config.FileConfig$ConfigBuilder      - ConfigBuilder{login='root', url='jdbc:mysql://localhost:3306/test', password=[***] ', timeframe='1d', klineLimit=1000, startDateTime=2010-01-01T00:00:00Z}
2023-01-12 12:53:15.666[1673524395666] | INFO  | main       | config.FileConfig$ConfigBuilder      - Created new config
2023-01-12 12:53:15.666[1673524395666] | INFO  | main       | config.FileConfig$ConfigBuilder      - ConfigBuilder{login='root', url='jdbc:mysql://localhost:3306/test', password=[***] ', timeframe='1d', klineLimit=1000, startDateTime=2010-01-01T00:00:00Z}
2023-01-12 12:53:15.670[1673524395670] | INFO  | main       | config.FileConfig$ConfigBuilder      - Created new config
2023-01-12 12:53:15.670[1673524395670] | INFO  | main       | config.FileConfig$ConfigBuilder      - ConfigBuilder{login='root', url='jdbc:mysql://localhost:3306/test', password=[***] ', timeframe='1d', klineLimit=1000, startDateTime=2010-01-01T00:00:00Z}
2023-01-12 12:53:15.684[1673524395684] | INFO  | main       | config.FileConfig$ConfigBuilder      - Created new config
2023-01-12 12:53:15.685[1673524395685] | INFO  | main       | config.FileConfig$ConfigBuilder      - ConfigBuilder{login='root', url='jdbc:mysql://localhost:3306/test', password=[***] ', timeframe='1d', klineLimit=1000, startDateTime=2010-01-01T00:00:00Z}
2023-01-12 12:53:15.688[1673524395688] | INFO  | main       | config.FileConfig$ConfigBuilder      - Created new config
2023-01-12 12:53:15.689[1673524395689] | INFO  | main       | config.FileConfig$ConfigBuilder      - ConfigBuilder{login='root', url='jdbc:mysql://localhost:3306/test', password=[***] ', timeframe='1d', klineLimit=1000, startDateTime=2010-01-01T00:00:00Z}
2023-01-12 12:53:18.163[1673524398163] | INFO  | MLog-Init-Reporter | com.mchange.v2.log.MLog              - MLog clients using slf4j logging.
2023-01-12 12:53:18.329[1673524398329] | INFO  | main       | com.mchange.v2.c3p0.C3P0Registry     - Initializing c3p0-0.9.5.5 [built 11-December-2019 22:18:33 -0800; debug? true; trace: 10]
2023-01-12 12:53:18.492[1673524398492] | INFO  | main       | c.m.v.c.i.AbstractPoolBackedDataSource - Initializing c3p0 pool... com.mchange.v2.c3p0.PoolBackedDataSource@ee595f76 [ connectionPoolDataSource -> com.mchange.v2.c3p0.WrapperConnectionPoolDataSource@6460726b [ acquireIncrement -> 1, acquireRetryAttempts -> 30, acquireRetryDelay -> 1000, autoCommitOnClose -> false, automaticTestTable -> null, breakAfterAcquireFailure -> false, checkoutTimeout -> 0, connectionCustomizerClassName -> null, connectionTesterClassName -> com.mchange.v2.c3p0.impl.DefaultConnectionTester, contextClassLoaderSource -> caller, debugUnreturnedConnectionStackTraces -> false, factoryClassLocation -> null, forceIgnoreUnresolvedTransactions -> false, forceSynchronousCheckins -> false, identityToken -> 1hgengqat1a0ehlb1jlh7x|58d6e55a, idleConnectionTestPeriod -> 3000, initialPoolSize -> 10, maxAdministrativeTaskTime -> 0, maxConnectionAge -> 0, maxIdleTime -> 1800, maxIdleTimeExcessConnections -> 0, maxPoolSize -> 20, maxStatements -> 50, maxStatementsPerConnection -> 0, minPoolSize -> 10, nestedDataSource -> com.mchange.v2.c3p0.DriverManagerDataSource@ac65d5ae [ description -> null, driverClass -> null, factoryClassLocation -> null, forceUseNamedDriverClass -> false, identityToken -> 1hgengqat1a0ehlb1jlh7x|7978e022, jdbcUrl -> jdbc:mysql://localhost:3306/test, properties -> {password=******, user=******} ], preferredTestQuery -> null, privilegeSpawnedThreads -> false, propertyCycle -> 0, statementCacheNumDeferredCloseThreads -> 0, testConnectionOnCheckin -> false, testConnectionOnCheckout -> false, unreturnedConnectionTimeout -> 0, usesTraditionalReflectiveProxies -> false; userOverrides: {} ], dataSourceName -> null, extensions -> {}, factoryClassLocation -> null, identityToken -> 1hgengqat1a0ehlb1jlh7x|abbe000, numHelperThreads -> 3 ]
2023-01-12 12:53:23.335[1673524403335] | INFO  | main       | persistence.DataRepository           - Found differences in Symbols table: [test2]
2023-01-12 12:53:24.794[1673524404794] | INFO  | main       | Binance.BinanceRunner                - Symbol{id=1, symbol='testUSDT'}
2023-01-12 12:53:24.808[1673524404808] | INFO  | main       | Binance.BinanceRunner                - downloaded data for ticker testUSDT size: 2
2023-01-12 12:53:24.814[1673524404814] | INFO  | main       | persistence.DataRepository           - Using hibernate to write data. Data size 2
2023-01-12 12:53:24.814[1673524404814] | INFO  | main       | persistence.DbWriter                 - Saving data to db for: testUSDT
2023-01-12 12:53:24.838[1673524404838] | INFO  | main       | persistence.DbWriter                 - Saving all data 2 for testUSDT to Database took: 17 ms
2023-01-12 12:53:24.868[1673524404868] | INFO  | main       | Binance.BinanceRunner                - Symbol{id=1, symbol='testUSDT'}
2023-01-12 12:53:24.869[1673524404869] | INFO  | main       | Binance.BinanceRunner                - downloaded data for ticker testUSDT size: 2
2023-01-12 12:53:24.870[1673524404870] | INFO  | main       | persistence.DataRepository           - Using hibernate to write data. Data size 2
2023-01-12 12:53:24.870[1673524404870] | INFO  | main       | persistence.DbWriter                 - Saving data to db for: testUSDT
2023-01-12 12:53:24.891[1673524404891] | INFO  | main       | persistence.DbWriter                 - Saving all data 2 for testUSDT to Database took: 20 ms
2023-01-12 12:53:25.587[1673524405587] | INFO  | main       | persistence.DbWriter                 - Saving data to db for: test
2023-01-12 12:53:25.616[1673524405616] | INFO  | main       | persistence.DbWriter                 - Saving all data 4 for test to Database took: 29 ms
2023-01-12 12:53:26.228[1673524406228] | INFO  | main       | config.FileConfig$ConfigBuilder      - Created new config
2023-01-12 12:53:26.229[1673524406229] | INFO  | main       | config.FileConfig$ConfigBuilder      - ConfigBuilder{login='root', url='jdbc:mysql://localhost:3306/test', password=[***] ', timeframe='4h', klineLimit=500, startDateTime=2010-01-01T00:00:00Z}
2023-01-12 12:53:26.422[1673524406422] | INFO  | main       | c.m.v.c.i.AbstractPoolBackedDataSource - Initializing c3p0 pool... com.mchange.v2.c3p0.PoolBackedDataSource@70937f27 [ connectionPoolDataSource -> com.mchange.v2.c3p0.WrapperConnectionPoolDataSource@83214c35 [ acquireIncrement -> 3, acquireRetryAttempts -> 30, acquireRetryDelay -> 1000, autoCommitOnClose -> false, automaticTestTable -> null, breakAfterAcquireFailure -> false, checkoutTimeout -> 0, connectionCustomizerClassName -> null, connectionTesterClassName -> com.mchange.v2.c3p0.impl.DefaultConnectionTester, contextClassLoaderSource -> caller, debugUnreturnedConnectionStackTraces -> false, factoryClassLocation -> null, forceIgnoreUnresolvedTransactions -> false, forceSynchronousCheckins -> false, identityToken -> 1hgengqat1a0ehlb1jlh7x|59371066, idleConnectionTestPeriod -> 0, initialPoolSize -> 3, maxAdministrativeTaskTime -> 0, maxConnectionAge -> 0, maxIdleTime -> 0, maxIdleTimeExcessConnections -> 0, maxPoolSize -> 15, maxStatements -> 0, maxStatementsPerConnection -> 0, minPoolSize -> 3, nestedDataSource -> com.mchange.v2.c3p0.DriverManagerDataSource@90b08900 [ description -> null, driverClass -> null, factoryClassLocation -> null, forceUseNamedDriverClass -> false, identityToken -> 1hgengqat1a0ehlb1jlh7x|419f0ea, jdbcUrl -> jdbc:mysql://localhost:3306/test, properties -> {password=******, user=******} ], preferredTestQuery -> null, privilegeSpawnedThreads -> false, propertyCycle -> 0, statementCacheNumDeferredCloseThreads -> 0, testConnectionOnCheckin -> false, testConnectionOnCheckout -> false, unreturnedConnectionTimeout -> 0, usesTraditionalReflectiveProxies -> false; userOverrides: {} ], dataSourceName -> null, extensions -> {}, factoryClassLocation -> null, identityToken -> 1hgengqat1a0ehlb1jlh7x|3c544c9, numHelperThreads -> 3 ]
